I0301 10:39:55.928560  8544 caffe.cpp:218] Using GPUs 0
I0301 10:39:55.944823  8544 caffe.cpp:223] GPU 0: GeForce GTX 1080
I0301 10:39:56.135143  8544 solver.cpp:44] Initializing solver from parameters: 
test_iter: 100
test_interval: 100
base_lr: 0.001
display: 50
max_iter: 40000
lr_policy: "step"
gamma: 0.1
momentum: 0.9
weight_decay: 0.0005
stepsize: 2500
snapshot: 5000
snapshot_prefix: "/home/rbruce/caffeV2/adbloq/snapshots/"
solver_mode: GPU
device_id: 0
net: "/home/rbruce/caffeV2/adbloq/code/train_val.prototxt"
train_state {
  level: 0
  stage: ""
}
I0301 10:39:56.135246  8544 solver.cpp:87] Creating training net from net file: /home/rbruce/caffeV2/adbloq/code/train_val.prototxt
I0301 10:39:56.135617  8544 net.cpp:294] The NetState phase (0) differed from the phase (1) specified by a rule in layer data
I0301 10:39:56.135630  8544 net.cpp:294] The NetState phase (0) differed from the phase (1) specified by a rule in layer accuracy
I0301 10:39:56.135725  8544 net.cpp:51] Initializing net from parameters: 
name: "CaffeNet"
state {
  phase: TRAIN
  level: 0
  stage: ""
}
layer {
  name: "data"
  type: "Data"
  top: "data"
  top: "label"
  include {
    phase: TRAIN
  }
  transform_param {
    mirror: true
    crop_size: 227
    mean_file: "/home/rbruce/caffeV2/adbloq/databases/mean.binaryproto"
  }
  data_param {
    source: "/home/rbruce/caffeV2/adbloq/databases/train_lmdb"
    batch_size: 256
    backend: LMDB
  }
}
layer {
  name: "conv1"
  type: "Convolution"
  bottom: "data"
  top: "conv1"
  param {
    lr_mult: 1
    decay_mult: 1
  }
  param {
    lr_mult: 2
    decay_mult: 0
  }
  convolution_param {
    num_output: 96
    kernel_size: 11
    stride: 4
    weight_filler {
      type: "gaussian"
      std: 0.01
    }
    bias_filler {
      type: "constant"
      value: 0
    }
  }
}
layer {
  name: "relu1"
  type: "ReLU"
  bottom: "conv1"
  top: "conv1"
}
layer {
  name: "pool1"
  type: "Pooling"
  bottom: "conv1"
  top: "pool1"
  pooling_param {
    pool: MAX
    kernel_size: 3
    stride: 2
  }
}
layer {
  name: "norm1"
  type: "LRN"
  bottom: "pool1"
  top: "norm1"
  lrn_param {
    local_size: 5
    alpha: 0.0001
    beta: 0.75
  }
}
layer {
  name: "conv2"
  type: "Convolution"
  bottom: "norm1"
  top: "conv2"
  param {
    lr_mult: 1
    decay_mult: 1
  }
  param {
    lr_mult: 2
    decay_mult: 0
  }
  convolution_param {
    num_output: 256
    pad: 2
    kernel_size: 5
    group: 2
    weight_filler {
      type: "gaussian"
      std: 0.01
    }
    bias_filler {
      type: "constant"
      value: 1
    }
  }
}
layer {
  name: "relu2"
  type: "ReLU"
  bottom: "conv2"
  top: "conv2"
}
layer {
  name: "pool2"
  type: "Pooling"
  bottom: "conv2"
  top: "pool2"
  pooling_param {
    pool: MAX
    kernel_size: 3
    stride: 2
  }
}
layer {
  name: "norm2"
  type: "LRN"
  bottom: "pool2"
  top: "norm2"
  lrn_param {
    local_size: 5
    alpha: 0.0001
    beta: 0.75
  }
}
layer {
  name: "conv3"
  type: "Convolution"
  bottom: "norm2"
  top: "conv3"
  param {
    lr_mult: 1
    decay_mult: 1
  }
  param {
    lr_mult: 2
    decay_mult: 0
  }
  convolution_param {
    num_output: 384
    pad: 1
    kernel_size: 3
    weight_filler {
      type: "gaussian"
      std: 0.01
    }
    bias_filler {
      type: "constant"
      value: 0
    }
  }
}
layer {
  name: "relu3"
  type: "ReLU"
  bottom: "conv3"
  top: "conv3"
}
layer {
  name: "conv4"
  type: "Convolution"
  bottom: "conv3"
  top: "conv4"
  param {
    lr_mult: 1
    decay_mult: 1
  }
  param {
    lr_mult: 2
    decay_mult: 0
  }
  convolution_param {
    num_output: 384
    pad: 1
    kernel_size: 3
    group: 2
    weight_filler {
      type: "gaussian"
      std: 0.01
    }
    bias_filler {
      type: "constant"
      value: 1
    }
  }
}
layer {
  name: "relu4"
  type: "ReLU"
  bottom: "conv4"
  top: "conv4"
}
layer {
  name: "conv5"
  type: "Convolution"
  bottom: "conv4"
  top: "conv5"
  param {
    lr_mult: 1
    decay_mult: 1
  }
  param {
    lr_mult: 2
    decay_mult: 0
  }
  convolution_param {
    num_output: 256
    pad: 1
    kernel_size: 3
    group: 2
    weight_filler {
      type: "gaussian"
      std: 0.01
    }
    bias_filler {
      type: "constant"
      value: 1
    }
  }
}
layer {
  name: "relu5"
  type: "ReLU"
  bottom: "conv5"
  top: "conv5"
}
layer {
  name: "pool5"
  type: "Pooling"
  bottom: "conv5"
  top: "pool5"
  pooling_param {
    pool: MAX
    kernel_size: 3
    stride: 2
  }
}
layer {
  name: "fc6"
  type: "InnerProduct"
  bottom: "pool5"
  top: "fc6"
  param {
    lr_mult: 1
    decay_mult: 1
  }
  param {
    lr_mult: 2
    decay_mult: 0
  }
  inner_product_param {
    num_output: 4096
    weight_filler {
      type: "gaussian"
      std: 0.005
    }
    bias_filler {
      type: "constant"
      value: 1
    }
  }
}
layer {
  name: "relu6"
  type: "ReLU"
  bottom: "fc6"
  top: "fc6"
}
layer {
  name: "drop6"
  type: "Dropout"
  bottom: "fc6"
  top: "fc6"
  dropout_param {
    dropout_ratio: 0.5
  }
}
layer {
  name: "fc7"
  type: "InnerProduct"
  bottom: "fc6"
  top: "fc7"
  param {
    lr_mult: 1
    decay_mult: 1
  }
  param {
    lr_mult: 2
    decay_mult: 0
  }
  inner_product_param {
    num_output: 4096
    weight_filler {
      type: "gaussian"
      std: 0.005
    }
    bias_filler {
      type: "constant"
      value: 1
    }
  }
}
layer {
  name: "relu7"
  type: "ReLU"
  bottom: "fc7"
  top: "fc7"
}
layer {
  name: "drop7"
  type: "Dropout"
  bottom: "fc7"
  top: "fc7"
  dropout_param {
    dropout_ratio: 0.5
  }
}
layer {
  name: "fc8"
  type: "InnerProduct"
  bottom: "fc7"
  top: "fc8"
  param {
    lr_mult: 1
    decay_mult: 1
  }
  param {
    lr_mult: 2
    decay_mult: 0
  }
  inner_product_param {
    num_output: 2
    weight_filler {
      type: "gaussian"
      std: 0.01
    }
    bias_filler {
      type: "constant"
      value: 0
    }
  }
}
layer {
  name: "loss"
  type: "SoftmaxWithLoss"
  bottom: "fc8"
  bottom: "label"
  top: "loss"
}
I0301 10:39:56.135793  8544 layer_factory.hpp:77] Creating layer data
I0301 10:39:56.135856  8544 db_lmdb.cpp:35] Opened lmdb /home/rbruce/caffeV2/adbloq/databases/train_lmdb
I0301 10:39:56.135870  8544 net.cpp:84] Creating Layer data
I0301 10:39:56.135875  8544 net.cpp:380] data -> data
I0301 10:39:56.135888  8544 net.cpp:380] data -> label
I0301 10:39:56.135897  8544 data_transformer.cpp:25] Loading mean file from: /home/rbruce/caffeV2/adbloq/databases/mean.binaryproto
I0301 10:39:56.137990  8544 data_layer.cpp:45] output data size: 256,3,227,227
I0301 10:39:56.316494  8544 net.cpp:122] Setting up data
I0301 10:39:56.316512  8544 net.cpp:129] Top shape: 256 3 227 227 (39574272)
I0301 10:39:56.316515  8544 net.cpp:129] Top shape: 256 (256)
I0301 10:39:56.316517  8544 net.cpp:137] Memory required for data: 158298112
I0301 10:39:56.316524  8544 layer_factory.hpp:77] Creating layer conv1
I0301 10:39:56.316543  8544 net.cpp:84] Creating Layer conv1
I0301 10:39:56.316546  8544 net.cpp:406] conv1 <- data
I0301 10:39:56.316555  8544 net.cpp:380] conv1 -> conv1
I0301 10:39:56.330302  8544 net.cpp:122] Setting up conv1
I0301 10:39:56.330318  8544 net.cpp:129] Top shape: 256 96 55 55 (74342400)
I0301 10:39:56.330320  8544 net.cpp:137] Memory required for data: 455667712
I0301 10:39:56.330332  8544 layer_factory.hpp:77] Creating layer relu1
I0301 10:39:56.330339  8544 net.cpp:84] Creating Layer relu1
I0301 10:39:56.330343  8544 net.cpp:406] relu1 <- conv1
I0301 10:39:56.330346  8544 net.cpp:367] relu1 -> conv1 (in-place)
I0301 10:39:56.330353  8544 net.cpp:122] Setting up relu1
I0301 10:39:56.330355  8544 net.cpp:129] Top shape: 256 96 55 55 (74342400)
I0301 10:39:56.330358  8544 net.cpp:137] Memory required for data: 753037312
I0301 10:39:56.330358  8544 layer_factory.hpp:77] Creating layer pool1
I0301 10:39:56.330363  8544 net.cpp:84] Creating Layer pool1
I0301 10:39:56.330364  8544 net.cpp:406] pool1 <- conv1
I0301 10:39:56.330366  8544 net.cpp:380] pool1 -> pool1
I0301 10:39:56.330396  8544 net.cpp:122] Setting up pool1
I0301 10:39:56.330400  8544 net.cpp:129] Top shape: 256 96 27 27 (17915904)
I0301 10:39:56.330402  8544 net.cpp:137] Memory required for data: 824700928
I0301 10:39:56.330404  8544 layer_factory.hpp:77] Creating layer norm1
I0301 10:39:56.330416  8544 net.cpp:84] Creating Layer norm1
I0301 10:39:56.330418  8544 net.cpp:406] norm1 <- pool1
I0301 10:39:56.330421  8544 net.cpp:380] norm1 -> norm1
I0301 10:39:56.330446  8544 net.cpp:122] Setting up norm1
I0301 10:39:56.330451  8544 net.cpp:129] Top shape: 256 96 27 27 (17915904)
I0301 10:39:56.330451  8544 net.cpp:137] Memory required for data: 896364544
I0301 10:39:56.330453  8544 layer_factory.hpp:77] Creating layer conv2
I0301 10:39:56.330458  8544 net.cpp:84] Creating Layer conv2
I0301 10:39:56.330461  8544 net.cpp:406] conv2 <- norm1
I0301 10:39:56.330463  8544 net.cpp:380] conv2 -> conv2
I0301 10:39:56.337086  8544 net.cpp:122] Setting up conv2
I0301 10:39:56.337095  8544 net.cpp:129] Top shape: 256 256 27 27 (47775744)
I0301 10:39:56.337097  8544 net.cpp:137] Memory required for data: 1087467520
I0301 10:39:56.337102  8544 layer_factory.hpp:77] Creating layer relu2
I0301 10:39:56.337106  8544 net.cpp:84] Creating Layer relu2
I0301 10:39:56.337108  8544 net.cpp:406] relu2 <- conv2
I0301 10:39:56.337111  8544 net.cpp:367] relu2 -> conv2 (in-place)
I0301 10:39:56.337115  8544 net.cpp:122] Setting up relu2
I0301 10:39:56.337116  8544 net.cpp:129] Top shape: 256 256 27 27 (47775744)
I0301 10:39:56.337118  8544 net.cpp:137] Memory required for data: 1278570496
I0301 10:39:56.337121  8544 layer_factory.hpp:77] Creating layer pool2
I0301 10:39:56.337123  8544 net.cpp:84] Creating Layer pool2
I0301 10:39:56.337124  8544 net.cpp:406] pool2 <- conv2
I0301 10:39:56.337126  8544 net.cpp:380] pool2 -> pool2
I0301 10:39:56.337148  8544 net.cpp:122] Setting up pool2
I0301 10:39:56.337152  8544 net.cpp:129] Top shape: 256 256 13 13 (11075584)
I0301 10:39:56.337153  8544 net.cpp:137] Memory required for data: 1322872832
I0301 10:39:56.337155  8544 layer_factory.hpp:77] Creating layer norm2
I0301 10:39:56.337158  8544 net.cpp:84] Creating Layer norm2
I0301 10:39:56.337160  8544 net.cpp:406] norm2 <- pool2
I0301 10:39:56.337162  8544 net.cpp:380] norm2 -> norm2
I0301 10:39:56.337180  8544 net.cpp:122] Setting up norm2
I0301 10:39:56.337182  8544 net.cpp:129] Top shape: 256 256 13 13 (11075584)
I0301 10:39:56.337184  8544 net.cpp:137] Memory required for data: 1367175168
I0301 10:39:56.337185  8544 layer_factory.hpp:77] Creating layer conv3
I0301 10:39:56.337190  8544 net.cpp:84] Creating Layer conv3
I0301 10:39:56.337193  8544 net.cpp:406] conv3 <- norm2
I0301 10:39:56.337195  8544 net.cpp:380] conv3 -> conv3
I0301 10:39:56.355425  8544 net.cpp:122] Setting up conv3
I0301 10:39:56.355438  8544 net.cpp:129] Top shape: 256 384 13 13 (16613376)
I0301 10:39:56.355440  8544 net.cpp:137] Memory required for data: 1433628672
I0301 10:39:56.355448  8544 layer_factory.hpp:77] Creating layer relu3
I0301 10:39:56.355453  8544 net.cpp:84] Creating Layer relu3
I0301 10:39:56.355455  8544 net.cpp:406] relu3 <- conv3
I0301 10:39:56.355458  8544 net.cpp:367] relu3 -> conv3 (in-place)
I0301 10:39:56.355463  8544 net.cpp:122] Setting up relu3
I0301 10:39:56.355466  8544 net.cpp:129] Top shape: 256 384 13 13 (16613376)
I0301 10:39:56.355468  8544 net.cpp:137] Memory required for data: 1500082176
I0301 10:39:56.355469  8544 layer_factory.hpp:77] Creating layer conv4
I0301 10:39:56.355474  8544 net.cpp:84] Creating Layer conv4
I0301 10:39:56.355476  8544 net.cpp:406] conv4 <- conv3
I0301 10:39:56.355479  8544 net.cpp:380] conv4 -> conv4
I0301 10:39:56.369149  8544 net.cpp:122] Setting up conv4
I0301 10:39:56.369163  8544 net.cpp:129] Top shape: 256 384 13 13 (16613376)
I0301 10:39:56.369164  8544 net.cpp:137] Memory required for data: 1566535680
I0301 10:39:56.369168  8544 layer_factory.hpp:77] Creating layer relu4
I0301 10:39:56.369174  8544 net.cpp:84] Creating Layer relu4
I0301 10:39:56.369176  8544 net.cpp:406] relu4 <- conv4
I0301 10:39:56.369179  8544 net.cpp:367] relu4 -> conv4 (in-place)
I0301 10:39:56.369184  8544 net.cpp:122] Setting up relu4
I0301 10:39:56.369186  8544 net.cpp:129] Top shape: 256 384 13 13 (16613376)
I0301 10:39:56.369189  8544 net.cpp:137] Memory required for data: 1632989184
I0301 10:39:56.369189  8544 layer_factory.hpp:77] Creating layer conv5
I0301 10:39:56.369205  8544 net.cpp:84] Creating Layer conv5
I0301 10:39:56.369209  8544 net.cpp:406] conv5 <- conv4
I0301 10:39:56.369213  8544 net.cpp:380] conv5 -> conv5
I0301 10:39:56.378665  8544 net.cpp:122] Setting up conv5
I0301 10:39:56.378680  8544 net.cpp:129] Top shape: 256 256 13 13 (11075584)
I0301 10:39:56.378684  8544 net.cpp:137] Memory required for data: 1677291520
I0301 10:39:56.378691  8544 layer_factory.hpp:77] Creating layer relu5
I0301 10:39:56.378697  8544 net.cpp:84] Creating Layer relu5
I0301 10:39:56.378700  8544 net.cpp:406] relu5 <- conv5
I0301 10:39:56.378702  8544 net.cpp:367] relu5 -> conv5 (in-place)
I0301 10:39:56.378707  8544 net.cpp:122] Setting up relu5
I0301 10:39:56.378710  8544 net.cpp:129] Top shape: 256 256 13 13 (11075584)
I0301 10:39:56.378715  8544 net.cpp:137] Memory required for data: 1721593856
I0301 10:39:56.378716  8544 layer_factory.hpp:77] Creating layer pool5
I0301 10:39:56.378720  8544 net.cpp:84] Creating Layer pool5
I0301 10:39:56.378721  8544 net.cpp:406] pool5 <- conv5
I0301 10:39:56.378724  8544 net.cpp:380] pool5 -> pool5
I0301 10:39:56.378747  8544 net.cpp:122] Setting up pool5
I0301 10:39:56.378751  8544 net.cpp:129] Top shape: 256 256 6 6 (2359296)
I0301 10:39:56.378752  8544 net.cpp:137] Memory required for data: 1731031040
I0301 10:39:56.378753  8544 layer_factory.hpp:77] Creating layer fc6
I0301 10:39:56.378759  8544 net.cpp:84] Creating Layer fc6
I0301 10:39:56.378760  8544 net.cpp:406] fc6 <- pool5
I0301 10:39:56.378763  8544 net.cpp:380] fc6 -> fc6
I0301 10:39:56.507287  8550 data_layer.cpp:73] Restarting data prefetching from start.
I0301 10:39:56.681936  8550 data_layer.cpp:73] Restarting data prefetching from start.
I0301 10:39:56.856571  8550 data_layer.cpp:73] Restarting data prefetching from start.
I0301 10:39:57.144325  8544 net.cpp:122] Setting up fc6
I0301 10:39:57.144341  8544 net.cpp:129] Top shape: 256 4096 (1048576)
I0301 10:39:57.144343  8544 net.cpp:137] Memory required for data: 1735225344
I0301 10:39:57.144349  8544 layer_factory.hpp:77] Creating layer relu6
I0301 10:39:57.144356  8544 net.cpp:84] Creating Layer relu6
I0301 10:39:57.144357  8544 net.cpp:406] relu6 <- fc6
I0301 10:39:57.144361  8544 net.cpp:367] relu6 -> fc6 (in-place)
I0301 10:39:57.144366  8544 net.cpp:122] Setting up relu6
I0301 10:39:57.144368  8544 net.cpp:129] Top shape: 256 4096 (1048576)
I0301 10:39:57.144371  8544 net.cpp:137] Memory required for data: 1739419648
I0301 10:39:57.144372  8544 layer_factory.hpp:77] Creating layer drop6
I0301 10:39:57.144376  8544 net.cpp:84] Creating Layer drop6
I0301 10:39:57.144376  8544 net.cpp:406] drop6 <- fc6
I0301 10:39:57.144379  8544 net.cpp:367] drop6 -> fc6 (in-place)
I0301 10:39:57.144392  8544 net.cpp:122] Setting up drop6
I0301 10:39:57.144394  8544 net.cpp:129] Top shape: 256 4096 (1048576)
I0301 10:39:57.144397  8544 net.cpp:137] Memory required for data: 1743613952
I0301 10:39:57.144398  8544 layer_factory.hpp:77] Creating layer fc7
I0301 10:39:57.144402  8544 net.cpp:84] Creating Layer fc7
I0301 10:39:57.144403  8544 net.cpp:406] fc7 <- fc6
I0301 10:39:57.144405  8544 net.cpp:380] fc7 -> fc7
I0301 10:39:57.483206  8544 net.cpp:122] Setting up fc7
I0301 10:39:57.483222  8544 net.cpp:129] Top shape: 256 4096 (1048576)
I0301 10:39:57.483223  8544 net.cpp:137] Memory required for data: 1747808256
I0301 10:39:57.483228  8544 layer_factory.hpp:77] Creating layer relu7
I0301 10:39:57.483234  8544 net.cpp:84] Creating Layer relu7
I0301 10:39:57.483237  8544 net.cpp:406] relu7 <- fc7
I0301 10:39:57.483240  8544 net.cpp:367] relu7 -> fc7 (in-place)
I0301 10:39:57.483245  8544 net.cpp:122] Setting up relu7
I0301 10:39:57.483247  8544 net.cpp:129] Top shape: 256 4096 (1048576)
I0301 10:39:57.483249  8544 net.cpp:137] Memory required for data: 1752002560
I0301 10:39:57.483250  8544 layer_factory.hpp:77] Creating layer drop7
I0301 10:39:57.483254  8544 net.cpp:84] Creating Layer drop7
I0301 10:39:57.483255  8544 net.cpp:406] drop7 <- fc7
I0301 10:39:57.483258  8544 net.cpp:367] drop7 -> fc7 (in-place)
I0301 10:39:57.483279  8544 net.cpp:122] Setting up drop7
I0301 10:39:57.483283  8544 net.cpp:129] Top shape: 256 4096 (1048576)
I0301 10:39:57.483285  8544 net.cpp:137] Memory required for data: 1756196864
I0301 10:39:57.483286  8544 layer_factory.hpp:77] Creating layer fc8
I0301 10:39:57.483290  8544 net.cpp:84] Creating Layer fc8
I0301 10:39:57.483292  8544 net.cpp:406] fc8 <- fc7
I0301 10:39:57.483294  8544 net.cpp:380] fc8 -> fc8
I0301 10:39:57.484025  8544 net.cpp:122] Setting up fc8
I0301 10:39:57.484030  8544 net.cpp:129] Top shape: 256 2 (512)
I0301 10:39:57.484032  8544 net.cpp:137] Memory required for data: 1756198912
I0301 10:39:57.484035  8544 layer_factory.hpp:77] Creating layer loss
I0301 10:39:57.484042  8544 net.cpp:84] Creating Layer loss
I0301 10:39:57.484045  8544 net.cpp:406] loss <- fc8
I0301 10:39:57.484046  8544 net.cpp:406] loss <- label
I0301 10:39:57.484050  8544 net.cpp:380] loss -> loss
I0301 10:39:57.484058  8544 layer_factory.hpp:77] Creating layer loss
I0301 10:39:57.484103  8544 net.cpp:122] Setting up loss
I0301 10:39:57.484107  8544 net.cpp:129] Top shape: (1)
I0301 10:39:57.484108  8544 net.cpp:132]     with loss weight 1
I0301 10:39:57.484118  8544 net.cpp:137] Memory required for data: 1756198916
I0301 10:39:57.484120  8544 net.cpp:198] loss needs backward computation.
I0301 10:39:57.484122  8544 net.cpp:198] fc8 needs backward computation.
I0301 10:39:57.484124  8544 net.cpp:198] drop7 needs backward computation.
I0301 10:39:57.484125  8544 net.cpp:198] relu7 needs backward computation.
I0301 10:39:57.484127  8544 net.cpp:198] fc7 needs backward computation.
I0301 10:39:57.484128  8544 net.cpp:198] drop6 needs backward computation.
I0301 10:39:57.484130  8544 net.cpp:198] relu6 needs backward computation.
I0301 10:39:57.484132  8544 net.cpp:198] fc6 needs backward computation.
I0301 10:39:57.484133  8544 net.cpp:198] pool5 needs backward computation.
I0301 10:39:57.484135  8544 net.cpp:198] relu5 needs backward computation.
I0301 10:39:57.484138  8544 net.cpp:198] conv5 needs backward computation.
I0301 10:39:57.484139  8544 net.cpp:198] relu4 needs backward computation.
I0301 10:39:57.484141  8544 net.cpp:198] conv4 needs backward computation.
I0301 10:39:57.484143  8544 net.cpp:198] relu3 needs backward computation.
I0301 10:39:57.484144  8544 net.cpp:198] conv3 needs backward computation.
I0301 10:39:57.484146  8544 net.cpp:198] norm2 needs backward computation.
I0301 10:39:57.484149  8544 net.cpp:198] pool2 needs backward computation.
I0301 10:39:57.484151  8544 net.cpp:198] relu2 needs backward computation.
I0301 10:39:57.484153  8544 net.cpp:198] conv2 needs backward computation.
I0301 10:39:57.484155  8544 net.cpp:198] norm1 needs backward computation.
I0301 10:39:57.484158  8544 net.cpp:198] pool1 needs backward computation.
I0301 10:39:57.484158  8544 net.cpp:198] relu1 needs backward computation.
I0301 10:39:57.484160  8544 net.cpp:198] conv1 needs backward computation.
I0301 10:39:57.484163  8544 net.cpp:200] data does not need backward computation.
I0301 10:39:57.484165  8544 net.cpp:242] This network produces output loss
I0301 10:39:57.484174  8544 net.cpp:255] Network initialization done.
I0301 10:39:57.484527  8544 solver.cpp:173] Creating test net (#0) specified by net file: /home/rbruce/caffeV2/adbloq/code/train_val.prototxt
I0301 10:39:57.484549  8544 net.cpp:294] The NetState phase (1) differed from the phase (0) specified by a rule in layer data
I0301 10:39:57.484649  8544 net.cpp:51] Initializing net from parameters: 
name: "CaffeNet"
state {
  phase: TEST
}
layer {
  name: "data"
  type: "Data"
  top: "data"
  top: "label"
  include {
    phase: TEST
  }
  transform_param {
    mirror: false
    crop_size: 227
    mean_file: "/home/rbruce/caffeV2/adbloq/databases/mean.binaryproto"
  }
  data_param {
    source: "/home/rbruce/caffeV2/adbloq/databases/validation_lmdb"
    batch_size: 50
    backend: LMDB
  }
}
layer {
  name: "conv1"
  type: "Convolution"
  bottom: "data"
  top: "conv1"
  param {
    lr_mult: 1
    decay_mult: 1
  }
  param {
    lr_mult: 2
    decay_mult: 0
  }
  convolution_param {
    num_output: 96
    kernel_size: 11
    stride: 4
    weight_filler {
      type: "gaussian"
      std: 0.01
    }
    bias_filler {
      type: "constant"
      value: 0
    }
  }
}
layer {
  name: "relu1"
  type: "ReLU"
  bottom: "conv1"
  top: "conv1"
}
layer {
  name: "pool1"
  type: "Pooling"
  bottom: "conv1"
  top: "pool1"
  pooling_param {
    pool: MAX
    kernel_size: 3
    stride: 2
  }
}
layer {
  name: "norm1"
  type: "LRN"
  bottom: "pool1"
  top: "norm1"
  lrn_param {
    local_size: 5
    alpha: 0.0001
    beta: 0.75
  }
}
layer {
  name: "conv2"
  type: "Convolution"
  bottom: "norm1"
  top: "conv2"
  param {
    lr_mult: 1
    decay_mult: 1
  }
  param {
    lr_mult: 2
    decay_mult: 0
  }
  convolution_param {
    num_output: 256
    pad: 2
    kernel_size: 5
    group: 2
    weight_filler {
      type: "gaussian"
      std: 0.01
    }
    bias_filler {
      type: "constant"
      value: 1
    }
  }
}
layer {
  name: "relu2"
  type: "ReLU"
  bottom: "conv2"
  top: "conv2"
}
layer {
  name: "pool2"
  type: "Pooling"
  bottom: "conv2"
  top: "pool2"
  pooling_param {
    pool: MAX
    kernel_size: 3
    stride: 2
  }
}
layer {
  name: "norm2"
  type: "LRN"
  bottom: "pool2"
  top: "norm2"
  lrn_param {
    local_size: 5
    alpha: 0.0001
    beta: 0.75
  }
}
layer {
  name: "conv3"
  type: "Convolution"
  bottom: "norm2"
  top: "conv3"
  param {
    lr_mult: 1
    decay_mult: 1
  }
  param {
    lr_mult: 2
    decay_mult: 0
  }
  convolution_param {
    num_output: 384
    pad: 1
    kernel_size: 3
    weight_filler {
      type: "gaussian"
      std: 0.01
    }
    bias_filler {
      type: "constant"
      value: 0
    }
  }
}
layer {
  name: "relu3"
  type: "ReLU"
  bottom: "conv3"
  top: "conv3"
}
layer {
  name: "conv4"
  type: "Convolution"
  bottom: "conv3"
  top: "conv4"
  param {
    lr_mult: 1
    decay_mult: 1
  }
  param {
    lr_mult: 2
    decay_mult: 0
  }
  convolution_param {
    num_output: 384
    pad: 1
    kernel_size: 3
    group: 2
    weight_filler {
      type: "gaussian"
      std: 0.01
    }
    bias_filler {
      type: "constant"
      value: 1
    }
  }
}
layer {
  name: "relu4"
  type: "ReLU"
  bottom: "conv4"
  top: "conv4"
}
layer {
  name: "conv5"
  type: "Convolution"
  bottom: "conv4"
  top: "conv5"
  param {
    lr_mult: 1
    decay_mult: 1
  }
  param {
    lr_mult: 2
    decay_mult: 0
  }
  convolution_param {
    num_output: 256
    pad: 1
    kernel_size: 3
    group: 2
    weight_filler {
      type: "gaussian"
      std: 0.01
    }
    bias_filler {
      type: "constant"
      value: 1
    }
  }
}
layer {
  name: "relu5"
  type: "ReLU"
  bottom: "conv5"
  top: "conv5"
}
layer {
  name: "pool5"
  type: "Pooling"
  bottom: "conv5"
  top: "pool5"
  pooling_param {
    pool: MAX
    kernel_size: 3
    stride: 2
  }
}
layer {
  name: "fc6"
  type: "InnerProduct"
  bottom: "pool5"
  top: "fc6"
  param {
    lr_mult: 1
    decay_mult: 1
  }
  param {
    lr_mult: 2
    decay_mult: 0
  }
  inner_product_param {
    num_output: 4096
    weight_filler {
      type: "gaussian"
      std: 0.005
    }
    bias_filler {
      type: "constant"
      value: 1
    }
  }
}
layer {
  name: "relu6"
  type: "ReLU"
  bottom: "fc6"
  top: "fc6"
}
layer {
  name: "drop6"
  type: "Dropout"
  bottom: "fc6"
  top: "fc6"
  dropout_param {
    dropout_ratio: 0.5
  }
}
layer {
  name: "fc7"
  type: "InnerProduct"
  bottom: "fc6"
  top: "fc7"
  param {
    lr_mult: 1
    decay_mult: 1
  }
  param {
    lr_mult: 2
    decay_mult: 0
  }
  inner_product_param {
    num_output: 4096
    weight_filler {
      type: "gaussian"
      std: 0.005
    }
    bias_filler {
      type: "constant"
      value: 1
    }
  }
}
layer {
  name: "relu7"
  type: "ReLU"
  bottom: "fc7"
  top: "fc7"
}
layer {
  name: "drop7"
  type: "Dropout"
  bottom: "fc7"
  top: "fc7"
  dropout_param {
    dropout_ratio: 0.5
  }
}
layer {
  name: "fc8"
  type: "InnerProduct"
  bottom: "fc7"
  top: "fc8"
  param {
    lr_mult: 1
    decay_mult: 1
  }
  param {
    lr_mult: 2
    decay_mult: 0
  }
  inner_product_param {
    num_output: 2
    weight_filler {
      type: "gaussian"
      std: 0.01
    }
    bias_filler {
      type: "constant"
      value: 0
    }
  }
}
layer {
  name: "accuracy"
  type: "Accuracy"
  bottom: "fc8"
  bottom: "label"
  top: "accuracy"
  include {
    phase: TEST
  }
}
layer {
  name: "loss"
  type: "SoftmaxWithLoss"
  bottom: "fc8"
  bottom: "label"
  top: "loss"
}
I0301 10:39:57.484717  8544 layer_factory.hpp:77] Creating layer data
I0301 10:39:57.484747  8544 db_lmdb.cpp:35] Opened lmdb /home/rbruce/caffeV2/adbloq/databases/validation_lmdb
I0301 10:39:57.484753  8544 net.cpp:84] Creating Layer data
I0301 10:39:57.484756  8544 net.cpp:380] data -> data
I0301 10:39:57.484760  8544 net.cpp:380] data -> label
I0301 10:39:57.484766  8544 data_transformer.cpp:25] Loading mean file from: /home/rbruce/caffeV2/adbloq/databases/mean.binaryproto
I0301 10:39:57.485929  8544 data_layer.cpp:45] output data size: 50,3,227,227
I0301 10:39:57.522588  8544 net.cpp:122] Setting up data
I0301 10:39:57.522604  8544 net.cpp:129] Top shape: 50 3 227 227 (7729350)
I0301 10:39:57.522608  8544 net.cpp:129] Top shape: 50 (50)
I0301 10:39:57.522609  8544 net.cpp:137] Memory required for data: 30917600
I0301 10:39:57.522614  8544 layer_factory.hpp:77] Creating layer label_data_1_split
I0301 10:39:57.522620  8544 net.cpp:84] Creating Layer label_data_1_split
I0301 10:39:57.522622  8544 net.cpp:406] label_data_1_split <- label
I0301 10:39:57.522626  8544 net.cpp:380] label_data_1_split -> label_data_1_split_0
I0301 10:39:57.522631  8544 net.cpp:380] label_data_1_split -> label_data_1_split_1
I0301 10:39:57.522678  8544 net.cpp:122] Setting up label_data_1_split
I0301 10:39:57.522682  8544 net.cpp:129] Top shape: 50 (50)
I0301 10:39:57.522686  8544 net.cpp:129] Top shape: 50 (50)
I0301 10:39:57.522686  8544 net.cpp:137] Memory required for data: 30918000
I0301 10:39:57.522688  8544 layer_factory.hpp:77] Creating layer conv1
I0301 10:39:57.522696  8544 net.cpp:84] Creating Layer conv1
I0301 10:39:57.522697  8544 net.cpp:406] conv1 <- data
I0301 10:39:57.522701  8544 net.cpp:380] conv1 -> conv1
I0301 10:39:57.525838  8544 net.cpp:122] Setting up conv1
I0301 10:39:57.525847  8544 net.cpp:129] Top shape: 50 96 55 55 (14520000)
I0301 10:39:57.525849  8544 net.cpp:137] Memory required for data: 88998000
I0301 10:39:57.525856  8544 layer_factory.hpp:77] Creating layer relu1
I0301 10:39:57.525861  8544 net.cpp:84] Creating Layer relu1
I0301 10:39:57.525862  8544 net.cpp:406] relu1 <- conv1
I0301 10:39:57.525864  8544 net.cpp:367] relu1 -> conv1 (in-place)
I0301 10:39:57.525868  8544 net.cpp:122] Setting up relu1
I0301 10:39:57.525871  8544 net.cpp:129] Top shape: 50 96 55 55 (14520000)
I0301 10:39:57.525872  8544 net.cpp:137] Memory required for data: 147078000
I0301 10:39:57.525874  8544 layer_factory.hpp:77] Creating layer pool1
I0301 10:39:57.525878  8544 net.cpp:84] Creating Layer pool1
I0301 10:39:57.525879  8544 net.cpp:406] pool1 <- conv1
I0301 10:39:57.525882  8544 net.cpp:380] pool1 -> pool1
I0301 10:39:57.525902  8544 net.cpp:122] Setting up pool1
I0301 10:39:57.525905  8544 net.cpp:129] Top shape: 50 96 27 27 (3499200)
I0301 10:39:57.525907  8544 net.cpp:137] Memory required for data: 161074800
I0301 10:39:57.525908  8544 layer_factory.hpp:77] Creating layer norm1
I0301 10:39:57.525913  8544 net.cpp:84] Creating Layer norm1
I0301 10:39:57.525914  8544 net.cpp:406] norm1 <- pool1
I0301 10:39:57.525916  8544 net.cpp:380] norm1 -> norm1
I0301 10:39:57.525933  8544 net.cpp:122] Setting up norm1
I0301 10:39:57.525936  8544 net.cpp:129] Top shape: 50 96 27 27 (3499200)
I0301 10:39:57.525938  8544 net.cpp:137] Memory required for data: 175071600
I0301 10:39:57.525939  8544 layer_factory.hpp:77] Creating layer conv2
I0301 10:39:57.525943  8544 net.cpp:84] Creating Layer conv2
I0301 10:39:57.525945  8544 net.cpp:406] conv2 <- norm1
I0301 10:39:57.525949  8544 net.cpp:380] conv2 -> conv2
I0301 10:39:57.532059  8544 net.cpp:122] Setting up conv2
I0301 10:39:57.532065  8544 net.cpp:129] Top shape: 50 256 27 27 (9331200)
I0301 10:39:57.532075  8544 net.cpp:137] Memory required for data: 212396400
I0301 10:39:57.532081  8544 layer_factory.hpp:77] Creating layer relu2
I0301 10:39:57.532084  8544 net.cpp:84] Creating Layer relu2
I0301 10:39:57.532088  8544 net.cpp:406] relu2 <- conv2
I0301 10:39:57.532089  8544 net.cpp:367] relu2 -> conv2 (in-place)
I0301 10:39:57.532094  8544 net.cpp:122] Setting up relu2
I0301 10:39:57.532096  8544 net.cpp:129] Top shape: 50 256 27 27 (9331200)
I0301 10:39:57.532097  8544 net.cpp:137] Memory required for data: 249721200
I0301 10:39:57.532099  8544 layer_factory.hpp:77] Creating layer pool2
I0301 10:39:57.532102  8544 net.cpp:84] Creating Layer pool2
I0301 10:39:57.532104  8544 net.cpp:406] pool2 <- conv2
I0301 10:39:57.532106  8544 net.cpp:380] pool2 -> pool2
I0301 10:39:57.532126  8544 net.cpp:122] Setting up pool2
I0301 10:39:57.532130  8544 net.cpp:129] Top shape: 50 256 13 13 (2163200)
I0301 10:39:57.532132  8544 net.cpp:137] Memory required for data: 258374000
I0301 10:39:57.532133  8544 layer_factory.hpp:77] Creating layer norm2
I0301 10:39:57.532136  8544 net.cpp:84] Creating Layer norm2
I0301 10:39:57.532138  8544 net.cpp:406] norm2 <- pool2
I0301 10:39:57.532140  8544 net.cpp:380] norm2 -> norm2
I0301 10:39:57.532156  8544 net.cpp:122] Setting up norm2
I0301 10:39:57.532160  8544 net.cpp:129] Top shape: 50 256 13 13 (2163200)
I0301 10:39:57.532161  8544 net.cpp:137] Memory required for data: 267026800
I0301 10:39:57.532163  8544 layer_factory.hpp:77] Creating layer conv3
I0301 10:39:57.532167  8544 net.cpp:84] Creating Layer conv3
I0301 10:39:57.532169  8544 net.cpp:406] conv3 <- norm2
I0301 10:39:57.532172  8544 net.cpp:380] conv3 -> conv3
I0301 10:39:57.550211  8544 net.cpp:122] Setting up conv3
I0301 10:39:57.550225  8544 net.cpp:129] Top shape: 50 384 13 13 (3244800)
I0301 10:39:57.550227  8544 net.cpp:137] Memory required for data: 280006000
I0301 10:39:57.550235  8544 layer_factory.hpp:77] Creating layer relu3
I0301 10:39:57.550240  8544 net.cpp:84] Creating Layer relu3
I0301 10:39:57.550243  8544 net.cpp:406] relu3 <- conv3
I0301 10:39:57.550246  8544 net.cpp:367] relu3 -> conv3 (in-place)
I0301 10:39:57.550251  8544 net.cpp:122] Setting up relu3
I0301 10:39:57.550253  8544 net.cpp:129] Top shape: 50 384 13 13 (3244800)
I0301 10:39:57.550256  8544 net.cpp:137] Memory required for data: 292985200
I0301 10:39:57.550256  8544 layer_factory.hpp:77] Creating layer conv4
I0301 10:39:57.550263  8544 net.cpp:84] Creating Layer conv4
I0301 10:39:57.550264  8544 net.cpp:406] conv4 <- conv3
I0301 10:39:57.550267  8544 net.cpp:380] conv4 -> conv4
I0301 10:39:57.561432  8551 data_layer.cpp:73] Restarting data prefetching from start.
I0301 10:39:57.564581  8544 net.cpp:122] Setting up conv4
I0301 10:39:57.564590  8544 net.cpp:129] Top shape: 50 384 13 13 (3244800)
I0301 10:39:57.564591  8544 net.cpp:137] Memory required for data: 305964400
I0301 10:39:57.564595  8544 layer_factory.hpp:77] Creating layer relu4
I0301 10:39:57.564600  8544 net.cpp:84] Creating Layer relu4
I0301 10:39:57.564602  8544 net.cpp:406] relu4 <- conv4
I0301 10:39:57.564605  8544 net.cpp:367] relu4 -> conv4 (in-place)
I0301 10:39:57.564610  8544 net.cpp:122] Setting up relu4
I0301 10:39:57.564611  8544 net.cpp:129] Top shape: 50 384 13 13 (3244800)
I0301 10:39:57.564613  8544 net.cpp:137] Memory required for data: 318943600
I0301 10:39:57.564615  8544 layer_factory.hpp:77] Creating layer conv5
I0301 10:39:57.564620  8544 net.cpp:84] Creating Layer conv5
I0301 10:39:57.564621  8544 net.cpp:406] conv5 <- conv4
I0301 10:39:57.564625  8544 net.cpp:380] conv5 -> conv5
I0301 10:39:57.573866  8544 net.cpp:122] Setting up conv5
I0301 10:39:57.573878  8544 net.cpp:129] Top shape: 50 256 13 13 (2163200)
I0301 10:39:57.573879  8544 net.cpp:137] Memory required for data: 327596400
I0301 10:39:57.573886  8544 layer_factory.hpp:77] Creating layer relu5
I0301 10:39:57.573890  8544 net.cpp:84] Creating Layer relu5
I0301 10:39:57.573894  8544 net.cpp:406] relu5 <- conv5
I0301 10:39:57.573896  8544 net.cpp:367] relu5 -> conv5 (in-place)
I0301 10:39:57.573909  8544 net.cpp:122] Setting up relu5
I0301 10:39:57.573912  8544 net.cpp:129] Top shape: 50 256 13 13 (2163200)
I0301 10:39:57.573914  8544 net.cpp:137] Memory required for data: 336249200
I0301 10:39:57.573915  8544 layer_factory.hpp:77] Creating layer pool5
I0301 10:39:57.573920  8544 net.cpp:84] Creating Layer pool5
I0301 10:39:57.573923  8544 net.cpp:406] pool5 <- conv5
I0301 10:39:57.573926  8544 net.cpp:380] pool5 -> pool5
I0301 10:39:57.573951  8544 net.cpp:122] Setting up pool5
I0301 10:39:57.573953  8544 net.cpp:129] Top shape: 50 256 6 6 (460800)
I0301 10:39:57.573956  8544 net.cpp:137] Memory required for data: 338092400
I0301 10:39:57.573957  8544 layer_factory.hpp:77] Creating layer fc6
I0301 10:39:57.573961  8544 net.cpp:84] Creating Layer fc6
I0301 10:39:57.573962  8544 net.cpp:406] fc6 <- pool5
I0301 10:39:57.573964  8544 net.cpp:380] fc6 -> fc6
I0301 10:39:57.615131  8551 data_layer.cpp:73] Restarting data prefetching from start.
I0301 10:39:57.650390  8551 data_layer.cpp:73] Restarting data prefetching from start.
I0301 10:39:58.337517  8544 net.cpp:122] Setting up fc6
I0301 10:39:58.337532  8544 net.cpp:129] Top shape: 50 4096 (204800)
I0301 10:39:58.337534  8544 net.cpp:137] Memory required for data: 338911600
I0301 10:39:58.337540  8544 layer_factory.hpp:77] Creating layer relu6
I0301 10:39:58.337546  8544 net.cpp:84] Creating Layer relu6
I0301 10:39:58.337549  8544 net.cpp:406] relu6 <- fc6
I0301 10:39:58.337553  8544 net.cpp:367] relu6 -> fc6 (in-place)
I0301 10:39:58.337558  8544 net.cpp:122] Setting up relu6
I0301 10:39:58.337559  8544 net.cpp:129] Top shape: 50 4096 (204800)
I0301 10:39:58.337561  8544 net.cpp:137] Memory required for data: 339730800
I0301 10:39:58.337563  8544 layer_factory.hpp:77] Creating layer drop6
I0301 10:39:58.337566  8544 net.cpp:84] Creating Layer drop6
I0301 10:39:58.337568  8544 net.cpp:406] drop6 <- fc6
I0301 10:39:58.337570  8544 net.cpp:367] drop6 -> fc6 (in-place)
I0301 10:39:58.337586  8544 net.cpp:122] Setting up drop6
I0301 10:39:58.337590  8544 net.cpp:129] Top shape: 50 4096 (204800)
I0301 10:39:58.337591  8544 net.cpp:137] Memory required for data: 340550000
I0301 10:39:58.337594  8544 layer_factory.hpp:77] Creating layer fc7
I0301 10:39:58.337597  8544 net.cpp:84] Creating Layer fc7
I0301 10:39:58.337599  8544 net.cpp:406] fc7 <- fc6
I0301 10:39:58.337601  8544 net.cpp:380] fc7 -> fc7
I0301 10:39:58.745894  8544 net.cpp:122] Setting up fc7
I0301 10:39:58.745913  8544 net.cpp:129] Top shape: 50 4096 (204800)
I0301 10:39:58.745915  8544 net.cpp:137] Memory required for data: 341369200
I0301 10:39:58.745921  8544 layer_factory.hpp:77] Creating layer relu7
I0301 10:39:58.745929  8544 net.cpp:84] Creating Layer relu7
I0301 10:39:58.745932  8544 net.cpp:406] relu7 <- fc7
I0301 10:39:58.745936  8544 net.cpp:367] relu7 -> fc7 (in-place)
I0301 10:39:58.745942  8544 net.cpp:122] Setting up relu7
I0301 10:39:58.745945  8544 net.cpp:129] Top shape: 50 4096 (204800)
I0301 10:39:58.745947  8544 net.cpp:137] Memory required for data: 342188400
I0301 10:39:58.745949  8544 layer_factory.hpp:77] Creating layer drop7
I0301 10:39:58.745954  8544 net.cpp:84] Creating Layer drop7
I0301 10:39:58.745956  8544 net.cpp:406] drop7 <- fc7
I0301 10:39:58.745959  8544 net.cpp:367] drop7 -> fc7 (in-place)
I0301 10:39:58.745980  8544 net.cpp:122] Setting up drop7
I0301 10:39:58.745983  8544 net.cpp:129] Top shape: 50 4096 (204800)
I0301 10:39:58.745985  8544 net.cpp:137] Memory required for data: 343007600
I0301 10:39:58.745987  8544 layer_factory.hpp:77] Creating layer fc8
I0301 10:39:58.745992  8544 net.cpp:84] Creating Layer fc8
I0301 10:39:58.745995  8544 net.cpp:406] fc8 <- fc7
I0301 10:39:58.745997  8544 net.cpp:380] fc8 -> fc8
I0301 10:39:58.746256  8544 net.cpp:122] Setting up fc8
I0301 10:39:58.746261  8544 net.cpp:129] Top shape: 50 2 (100)
I0301 10:39:58.746263  8544 net.cpp:137] Memory required for data: 343008000
I0301 10:39:58.746268  8544 layer_factory.hpp:77] Creating layer fc8_fc8_0_split
I0301 10:39:58.746270  8544 net.cpp:84] Creating Layer fc8_fc8_0_split
I0301 10:39:58.746284  8544 net.cpp:406] fc8_fc8_0_split <- fc8
I0301 10:39:58.746287  8544 net.cpp:380] fc8_fc8_0_split -> fc8_fc8_0_split_0
I0301 10:39:58.746291  8544 net.cpp:380] fc8_fc8_0_split -> fc8_fc8_0_split_1
I0301 10:39:58.746312  8544 net.cpp:122] Setting up fc8_fc8_0_split
I0301 10:39:58.746316  8544 net.cpp:129] Top shape: 50 2 (100)
I0301 10:39:58.746320  8544 net.cpp:129] Top shape: 50 2 (100)
I0301 10:39:58.746321  8544 net.cpp:137] Memory required for data: 343008800
I0301 10:39:58.746323  8544 layer_factory.hpp:77] Creating layer accuracy
I0301 10:39:58.746327  8544 net.cpp:84] Creating Layer accuracy
I0301 10:39:58.746330  8544 net.cpp:406] accuracy <- fc8_fc8_0_split_0
I0301 10:39:58.746331  8544 net.cpp:406] accuracy <- label_data_1_split_0
I0301 10:39:58.746335  8544 net.cpp:380] accuracy -> accuracy
I0301 10:39:58.746340  8544 net.cpp:122] Setting up accuracy
I0301 10:39:58.746342  8544 net.cpp:129] Top shape: (1)
I0301 10:39:58.746345  8544 net.cpp:137] Memory required for data: 343008804
I0301 10:39:58.746347  8544 layer_factory.hpp:77] Creating layer loss
I0301 10:39:58.746351  8544 net.cpp:84] Creating Layer loss
I0301 10:39:58.746352  8544 net.cpp:406] loss <- fc8_fc8_0_split_1
I0301 10:39:58.746356  8544 net.cpp:406] loss <- label_data_1_split_1
I0301 10:39:58.746359  8544 net.cpp:380] loss -> loss
I0301 10:39:58.746364  8544 layer_factory.hpp:77] Creating layer loss
I0301 10:39:58.746419  8544 net.cpp:122] Setting up loss
I0301 10:39:58.746423  8544 net.cpp:129] Top shape: (1)
I0301 10:39:58.746426  8544 net.cpp:132]     with loss weight 1
I0301 10:39:58.746434  8544 net.cpp:137] Memory required for data: 343008808
I0301 10:39:58.746436  8544 net.cpp:198] loss needs backward computation.
I0301 10:39:58.746439  8544 net.cpp:200] accuracy does not need backward computation.
I0301 10:39:58.746443  8544 net.cpp:198] fc8_fc8_0_split needs backward computation.
I0301 10:39:58.746445  8544 net.cpp:198] fc8 needs backward computation.
I0301 10:39:58.746448  8544 net.cpp:198] drop7 needs backward computation.
I0301 10:39:58.746450  8544 net.cpp:198] relu7 needs backward computation.
I0301 10:39:58.746453  8544 net.cpp:198] fc7 needs backward computation.
I0301 10:39:58.746455  8544 net.cpp:198] drop6 needs backward computation.
I0301 10:39:58.746457  8544 net.cpp:198] relu6 needs backward computation.
I0301 10:39:58.746459  8544 net.cpp:198] fc6 needs backward computation.
I0301 10:39:58.746462  8544 net.cpp:198] pool5 needs backward computation.
I0301 10:39:58.746464  8544 net.cpp:198] relu5 needs backward computation.
I0301 10:39:58.746466  8544 net.cpp:198] conv5 needs backward computation.
I0301 10:39:58.746469  8544 net.cpp:198] relu4 needs backward computation.
I0301 10:39:58.746471  8544 net.cpp:198] conv4 needs backward computation.
I0301 10:39:58.746474  8544 net.cpp:198] relu3 needs backward computation.
I0301 10:39:58.746475  8544 net.cpp:198] conv3 needs backward computation.
I0301 10:39:58.746477  8544 net.cpp:198] norm2 needs backward computation.
I0301 10:39:58.746480  8544 net.cpp:198] pool2 needs backward computation.
I0301 10:39:58.746484  8544 net.cpp:198] relu2 needs backward computation.
I0301 10:39:58.746485  8544 net.cpp:198] conv2 needs backward computation.
I0301 10:39:58.746487  8544 net.cpp:198] norm1 needs backward computation.
I0301 10:39:58.746490  8544 net.cpp:198] pool1 needs backward computation.
I0301 10:39:58.746492  8544 net.cpp:198] relu1 needs backward computation.
I0301 10:39:58.746495  8544 net.cpp:198] conv1 needs backward computation.
I0301 10:39:58.746498  8544 net.cpp:200] label_data_1_split does not need backward computation.
I0301 10:39:58.746500  8544 net.cpp:200] data does not need backward computation.
I0301 10:39:58.746503  8544 net.cpp:242] This network produces output accuracy
I0301 10:39:58.746505  8544 net.cpp:242] This network produces output loss
I0301 10:39:58.746516  8544 net.cpp:255] Network initialization done.
I0301 10:39:58.746574  8544 solver.cpp:56] Solver scaffolding done.
I0301 10:39:58.746927  8544 caffe.cpp:248] Starting Optimization
I0301 10:39:58.746937  8544 solver.cpp:273] Solving CaffeNet
I0301 10:39:58.746939  8544 solver.cpp:274] Learning Rate Policy: step
I0301 10:39:58.749984  8544 solver.cpp:331] Iteration 0, Testing net (#0)
I0301 10:39:58.899940  8551 data_layer.cpp:73] Restarting data prefetching from start.
I0301 10:39:58.955214  8551 data_layer.cpp:73] Restarting data prefetching from start.
I0301 10:39:59.010032  8551 data_layer.cpp:73] Restarting data prefetching from start.
I0301 10:39:59.085417  8551 data_layer.cpp:73] Restarting data prefetching from start.
I0301 10:39:59.138381  8551 data_layer.cpp:73] Restarting data prefetching from start.
I0301 10:39:59.190970  8551 data_layer.cpp:73] Restarting data prefetching from start.
I0301 10:39:59.262248  8551 data_layer.cpp:73] Restarting data prefetching from start.
I0301 10:39:59.316900  8551 data_layer.cpp:73] Restarting data prefetching from start.
I0301 10:39:59.366025  8551 data_layer.cpp:73] Restarting data prefetching from start.
I0301 10:39:59.439543  8551 data_layer.cpp:73] Restarting data prefetching from start.
I0301 10:39:59.494194  8551 data_layer.cpp:73] Restarting data prefetching from start.
I0301 10:39:59.546103  8551 data_layer.cpp:73] Restarting data prefetching from start.
I0301 10:39:59.618584  8551 data_layer.cpp:73] Restarting data prefetching from start.
I0301 10:39:59.671291  8551 data_layer.cpp:73] Restarting data prefetching from start.
I0301 10:39:59.721510  8551 data_layer.cpp:73] Restarting data prefetching from start.
I0301 10:39:59.794663  8551 data_layer.cpp:73] Restarting data prefetching from start.
I0301 10:39:59.848645  8551 data_layer.cpp:73] Restarting data prefetching from start.
I0301 10:39:59.900665  8551 data_layer.cpp:73] Restarting data prefetching from start.
I0301 10:39:59.972221  8551 data_layer.cpp:73] Restarting data prefetching from start.
I0301 10:40:00.026727  8551 data_layer.cpp:73] Restarting data prefetching from start.
I0301 10:40:00.076753  8551 data_layer.cpp:73] Restarting data prefetching from start.
I0301 10:40:00.129142  8551 data_layer.cpp:73] Restarting data prefetching from start.
I0301 10:40:00.202950  8551 data_layer.cpp:73] Restarting data prefetching from start.
I0301 10:40:00.255996  8551 data_layer.cpp:73] Restarting data prefetching from start.
I0301 10:40:00.307369  8551 data_layer.cpp:73] Restarting data prefetching from start.
I0301 10:40:00.382261  8551 data_layer.cpp:73] Restarting data prefetching from start.
I0301 10:40:00.432786  8551 data_layer.cpp:73] Restarting data prefetching from start.
I0301 10:40:00.485854  8551 data_layer.cpp:73] Restarting data prefetching from start.
I0301 10:40:00.559384  8551 data_layer.cpp:73] Restarting data prefetching from start.
I0301 10:40:00.610718  8551 data_layer.cpp:73] Restarting data prefetching from start.
I0301 10:40:00.662689  8551 data_layer.cpp:73] Restarting data prefetching from start.
I0301 10:40:00.738124  8551 data_layer.cpp:73] Restarting data prefetching from start.
I0301 10:40:00.790755  8551 data_layer.cpp:73] Restarting data prefetching from start.
I0301 10:40:00.842618  8551 data_layer.cpp:73] Restarting data prefetching from start.
I0301 10:40:00.915787  8551 data_layer.cpp:73] Restarting data prefetching from start.
I0301 10:40:00.968575  8551 data_layer.cpp:73] Restarting data prefetching from start.
I0301 10:40:01.018559  8551 data_layer.cpp:73] Restarting data prefetching from start.
I0301 10:40:01.091835  8551 data_layer.cpp:73] Restarting data prefetching from start.
I0301 10:40:01.146229  8551 data_layer.cpp:73] Restarting data prefetching from start.
I0301 10:40:01.196456  8551 data_layer.cpp:73] Restarting data prefetching from start.
I0301 10:40:01.269140  8551 data_layer.cpp:73] Restarting data prefetching from start.
I0301 10:40:01.323770  8551 data_layer.cpp:73] Restarting data prefetching from start.
I0301 10:40:01.375571  8551 data_layer.cpp:73] Restarting data prefetching from start.
I0301 10:40:01.449034  8551 data_layer.cpp:73] Restarting data prefetching from start.
I0301 10:40:01.501417  8551 data_layer.cpp:73] Restarting data prefetching from start.
I0301 10:40:01.551584  8551 data_layer.cpp:73] Restarting data prefetching from start.
I0301 10:40:01.605074  8551 data_layer.cpp:73] Restarting data prefetching from start.
I0301 10:40:01.676950  8551 data_layer.cpp:73] Restarting data prefetching from start.
I0301 10:40:01.729068  8551 data_layer.cpp:73] Restarting data prefetching from start.
I0301 10:40:01.784080  8551 data_layer.cpp:73] Restarting data prefetching from start.
I0301 10:40:01.855588  8551 data_layer.cpp:73] Restarting data prefetching from start.
I0301 10:40:01.909087  8551 data_layer.cpp:73] Restarting data prefetching from start.
I0301 10:40:01.960785  8551 data_layer.cpp:73] Restarting data prefetching from start.
I0301 10:40:02.033795  8551 data_layer.cpp:73] Restarting data prefetching from start.
I0301 10:40:02.084650  8551 data_layer.cpp:73] Restarting data prefetching from start.
I0301 10:40:02.136521  8551 data_layer.cpp:73] Restarting data prefetching from start.
I0301 10:40:02.209426  8551 data_layer.cpp:73] Restarting data prefetching from start.
I0301 10:40:02.262109  8551 data_layer.cpp:73] Restarting data prefetching from start.
I0301 10:40:02.312068  8551 data_layer.cpp:73] Restarting data prefetching from start.
I0301 10:40:02.385560  8551 data_layer.cpp:73] Restarting data prefetching from start.
I0301 10:40:02.437046  8551 data_layer.cpp:73] Restarting data prefetching from start.
I0301 10:40:02.488473  8551 data_layer.cpp:73] Restarting data prefetching from start.
I0301 10:40:02.559214  8551 data_layer.cpp:73] Restarting data prefetching from start.
I0301 10:40:02.612304  8551 data_layer.cpp:73] Restarting data prefetching from start.
I0301 10:40:02.662060  8551 data_layer.cpp:73] Restarting data prefetching from start.
I0301 10:40:02.733918  8551 data_layer.cpp:73] Restarting data prefetching from start.
I0301 10:40:02.785697  8551 data_layer.cpp:73] Restarting data prefetching from start.
I0301 10:40:02.837270  8551 data_layer.cpp:73] Restarting data prefetching from start.
I0301 10:40:02.909214  8551 data_layer.cpp:73] Restarting data prefetching from start.
I0301 10:40:02.962679  8551 data_layer.cpp:73] Restarting data prefetching from start.
I0301 10:40:03.013331  8551 data_layer.cpp:73] Restarting data prefetching from start.
I0301 10:40:03.064239  8551 data_layer.cpp:73] Restarting data prefetching from start.
I0301 10:40:03.136476  8551 data_layer.cpp:73] Restarting data prefetching from start.
I0301 10:40:03.189518  8551 data_layer.cpp:73] Restarting data prefetching from start.
I0301 10:40:03.241011  8551 data_layer.cpp:73] Restarting data prefetching from start.
I0301 10:40:03.254534  8544 solver.cpp:398]     Test net output #0: accuracy = 0
I0301 10:40:03.254550  8544 solver.cpp:398]     Test net output #1: loss = 0.738236 (* 1 = 0.738236 loss)
I0301 10:40:03.822973  8544 solver.cpp:219] Iteration 0 (0 iter/s, 5.07599s/50 iters), loss = 0.872387
I0301 10:40:03.823004  8544 solver.cpp:238]     Train net output #0: loss = 0.872387 (* 1 = 0.872387 loss)
I0301 10:40:03.823015  8544 sgd_solver.cpp:105] Iteration 0, lr = 0.001
I0301 10:40:04.435817  8550 data_layer.cpp:73] Restarting data prefetching from start.
I0301 10:40:05.040808  8550 data_layer.cpp:73] Restarting data prefetching from start.
I0301 10:40:05.650372  8550 data_layer.cpp:73] Restarting data prefetching from start.
I0301 10:40:06.256497  8550 data_layer.cpp:73] Restarting data prefetching from start.
I0301 10:40:07.316468  8550 data_layer.cpp:73] Restarting data prefetching from start.
I0301 10:40:07.921950  8550 data_layer.cpp:73] Restarting data prefetching from start.
I0301 10:40:08.527420  8550 data_layer.cpp:73] Restarting data prefetching from start.
I0301 10:40:09.585630  8550 data_layer.cpp:73] Restarting data prefetching from start.
I0301 10:40:10.191421  8550 data_layer.cpp:73] Restarting data prefetching from start.
I0301 10:40:10.795536  8550 data_layer.cpp:73] Restarting data prefetching from start.
I0301 10:40:11.400202  8550 data_layer.cpp:73] Restarting data prefetching from start.
I0301 10:40:12.458453  8550 data_layer.cpp:73] Restarting data prefetching from start.
I0301 10:40:13.063030  8550 data_layer.cpp:73] Restarting data prefetching from start.
I0301 10:40:13.668123  8550 data_layer.cpp:73] Restarting data prefetching from start.
I0301 10:40:14.272761  8550 data_layer.cpp:73] Restarting data prefetching from start.
I0301 10:40:15.334008  8550 data_layer.cpp:73] Restarting data prefetching from start.
I0301 10:40:15.940441  8550 data_layer.cpp:73] Restarting data prefetching from start.
I0301 10:40:16.546808  8550 data_layer.cpp:73] Restarting data prefetching from start.
I0301 10:40:17.607338  8550 data_layer.cpp:73] Restarting data prefetching from start.
I0301 10:40:18.212990  8550 data_layer.cpp:73] Restarting data prefetching from start.
I0301 10:40:18.819458  8550 data_layer.cpp:73] Restarting data prefetching from start.
I0301 10:40:19.424506  8550 data_layer.cpp:73] Restarting data prefetching from start.
I0301 10:40:20.483314  8550 data_layer.cpp:73] Restarting data prefetching from start.
I0301 10:40:21.089370  8550 data_layer.cpp:73] Restarting data prefetching from start.
I0301 10:40:21.695050  8550 data_layer.cpp:73] Restarting data prefetching from start.
I0301 10:40:22.301431  8550 data_layer.cpp:73] Restarting data prefetching from start.
I0301 10:40:23.380617  8550 data_layer.cpp:73] Restarting data prefetching from start.
I0301 10:40:23.990463  8550 data_layer.cpp:73] Restarting data prefetching from start.
I0301 10:40:24.630336  8550 data_layer.cpp:73] Restarting data prefetching from start.
I0301 10:40:25.717617  8550 data_layer.cpp:73] Restarting data prefetching from start.
I0301 10:40:26.340865  8550 data_layer.cpp:73] Restarting data prefetching from start.
I0301 10:40:26.961372  8550 data_layer.cpp:73] Restarting data prefetching from start.
I0301 10:40:27.572463  8550 data_layer.cpp:73] Restarting data prefetching from start.
I0301 10:40:28.637583  8550 data_layer.cpp:73] Restarting data prefetching from start.
I0301 10:40:29.246548  8550 data_layer.cpp:73] Restarting data prefetching from start.
I0301 10:40:29.852656  8550 data_layer.cpp:73] Restarting data prefetching from start.
I0301 10:40:30.489701  8550 data_layer.cpp:73] Restarting data prefetching from start.
I0301 10:40:31.581442  8550 data_layer.cpp:73] Restarting data prefetching from start.
I0301 10:40:32.202280  8550 data_layer.cpp:73] Restarting data prefetching from start.
I0301 10:40:32.706862  8544 solver.cpp:219] Iteration 50 (1.73108 iter/s, 28.8838s/50 iters), loss = -1.30391e-08
I0301 10:40:32.706895  8544 solver.cpp:238]     Train net output #0: loss = 0 (* 1 = 0 loss)
I0301 10:40:32.706902  8544 sgd_solver.cpp:105] Iteration 50, lr = 0.001
I0301 10:40:32.824581  8550 data_layer.cpp:73] Restarting data prefetching from start.
I0301 10:40:33.912958  8550 data_layer.cpp:73] Restarting data prefetching from start.
I0301 10:40:34.520143  8550 data_layer.cpp:73] Restarting data prefetching from start.
I0301 10:40:35.124603  8550 data_layer.cpp:73] Restarting data prefetching from start.
I0301 10:40:35.730936  8550 data_layer.cpp:73] Restarting data prefetching from start.
I0301 10:40:36.794425  8550 data_layer.cpp:73] Restarting data prefetching from start.
I0301 10:40:37.426653  8550 data_layer.cpp:73] Restarting data prefetching from start.
I0301 10:40:38.057865  8550 data_layer.cpp:73] Restarting data prefetching from start.
I0301 10:40:38.671228  8550 data_layer.cpp:73] Restarting data prefetching from start.
I0301 10:40:39.733749  8550 data_layer.cpp:73] Restarting data prefetching from start.
I0301 10:40:40.356001  8550 data_layer.cpp:73] Restarting data prefetching from start.
I0301 10:40:40.992219  8550 data_layer.cpp:73] Restarting data prefetching from start.
I0301 10:40:42.064651  8550 data_layer.cpp:73] Restarting data prefetching from start.
I0301 10:40:42.673925  8550 data_layer.cpp:73] Restarting data prefetching from start.
I0301 10:40:43.282704  8550 data_layer.cpp:73] Restarting data prefetching from start.
I0301 10:40:43.889586  8550 data_layer.cpp:73] Restarting data prefetching from start.
I0301 10:40:45.004259  8550 data_layer.cpp:73] Restarting data prefetching from start.
I0301 10:40:45.616969  8550 data_layer.cpp:73] Restarting data prefetching from start.
I0301 10:40:46.254175  8550 data_layer.cpp:73] Restarting data prefetching from start.
I0301 10:40:46.898385  8550 data_layer.cpp:73] Restarting data prefetching from start.
I0301 10:40:47.974345  8550 data_layer.cpp:73] Restarting data prefetching from start.
I0301 10:40:48.590762  8550 data_layer.cpp:73] Restarting data prefetching from start.
I0301 10:40:49.213407  8550 data_layer.cpp:73] Restarting data prefetching from start.
I0301 10:40:50.271342  8550 data_layer.cpp:73] Restarting data prefetching from start.
I0301 10:40:50.875725  8550 data_layer.cpp:73] Restarting data prefetching from start.
I0301 10:40:51.482476  8550 data_layer.cpp:73] Restarting data prefetching from start.
I0301 10:40:52.088064  8550 data_layer.cpp:73] Restarting data prefetching from start.
I0301 10:40:53.170132  8550 data_layer.cpp:73] Restarting data prefetching from start.
I0301 10:40:53.813290  8550 data_layer.cpp:73] Restarting data prefetching from start.
I0301 10:40:54.456507  8550 data_layer.cpp:73] Restarting data prefetching from start.
I0301 10:40:55.088770  8550 data_layer.cpp:73] Restarting data prefetching from start.
I0301 10:40:56.147557  8550 data_layer.cpp:73] Restarting data prefetching from start.
I0301 10:40:56.790835  8550 data_layer.cpp:73] Restarting data prefetching from start.
I0301 10:40:57.424496  8550 data_layer.cpp:73] Restarting data prefetching from start.
I0301 10:40:58.539876  8550 data_layer.cpp:73] Restarting data prefetching from start.
I0301 10:40:59.145031  8550 data_layer.cpp:73] Restarting data prefetching from start.
I0301 10:40:59.751680  8550 data_layer.cpp:73] Restarting data prefetching from start.
I0301 10:41:00.358291  8550 data_layer.cpp:73] Restarting data prefetching from start.
I0301 10:41:01.320830  8544 solver.cpp:331] Iteration 100, Testing net (#0)
I0301 10:41:01.440099  8551 data_layer.cpp:73] Restarting data prefetching from start.
I0301 10:41:01.492756  8551 data_layer.cpp:73] Restarting data prefetching from start.
I0301 10:41:01.544946  8551 data_layer.cpp:73] Restarting data prefetching from start.
I0301 10:41:01.617704  8551 data_layer.cpp:73] Restarting data prefetching from start.
I0301 10:41:01.670325  8551 data_layer.cpp:73] Restarting data prefetching from start.
I0301 10:41:01.722700  8551 data_layer.cpp:73] Restarting data prefetching from start.
I0301 10:41:01.795523  8551 data_layer.cpp:73] Restarting data prefetching from start.
I0301 10:41:01.848037  8551 data_layer.cpp:73] Restarting data prefetching from start.
I0301 10:41:01.900117  8551 data_layer.cpp:73] Restarting data prefetching from start.
I0301 10:41:01.973062  8551 data_layer.cpp:73] Restarting data prefetching from start.
I0301 10:41:02.025921  8551 data_layer.cpp:73] Restarting data prefetching from start.
I0301 10:41:02.078007  8551 data_layer.cpp:73] Restarting data prefetching from start.
I0301 10:41:02.150630  8551 data_layer.cpp:73] Restarting data prefetching from start.
I0301 10:41:02.203766  8551 data_layer.cpp:73] Restarting data prefetching from start.
I0301 10:41:02.256574  8551 data_layer.cpp:73] Restarting data prefetching from start.
I0301 10:41:02.328977  8551 data_layer.cpp:73] Restarting data prefetching from start.
I0301 10:41:02.381819  8551 data_layer.cpp:73] Restarting data prefetching from start.
I0301 10:41:02.433965  8551 data_layer.cpp:73] Restarting data prefetching from start.
I0301 10:41:02.506654  8551 data_layer.cpp:73] Restarting data prefetching from start.
I0301 10:41:02.559432  8551 data_layer.cpp:73] Restarting data prefetching from start.
I0301 10:41:02.611433  8551 data_layer.cpp:73] Restarting data prefetching from start.
I0301 10:41:02.664168  8551 data_layer.cpp:73] Restarting data prefetching from start.
I0301 10:41:02.736387  8551 data_layer.cpp:73] Restarting data prefetching from start.
I0301 10:41:02.788900  8551 data_layer.cpp:73] Restarting data prefetching from start.
I0301 10:41:02.841159  8551 data_layer.cpp:73] Restarting data prefetching from start.
I0301 10:41:02.914093  8551 data_layer.cpp:73] Restarting data prefetching from start.
I0301 10:41:02.966570  8551 data_layer.cpp:73] Restarting data prefetching from start.
I0301 10:41:03.018889  8551 data_layer.cpp:73] Restarting data prefetching from start.
I0301 10:41:03.091744  8551 data_layer.cpp:73] Restarting data prefetching from start.
I0301 10:41:03.144361  8551 data_layer.cpp:73] Restarting data prefetching from start.
I0301 10:41:03.196529  8551 data_layer.cpp:73] Restarting data prefetching from start.
I0301 10:41:03.269539  8551 data_layer.cpp:73] Restarting data prefetching from start.
I0301 10:41:03.322074  8551 data_layer.cpp:73] Restarting data prefetching from start.
I0301 10:41:03.374403  8551 data_layer.cpp:73] Restarting data prefetching from start.
I0301 10:41:03.447103  8551 data_layer.cpp:73] Restarting data prefetching from start.
I0301 10:41:03.499580  8551 data_layer.cpp:73] Restarting data prefetching from start.
I0301 10:41:03.551939  8551 data_layer.cpp:73] Restarting data prefetching from start.
I0301 10:41:03.624781  8551 data_layer.cpp:73] Restarting data prefetching from start.
I0301 10:41:03.679333  8551 data_layer.cpp:73] Restarting data prefetching from start.
I0301 10:41:03.730988  8551 data_layer.cpp:73] Restarting data prefetching from start.
I0301 10:41:03.804026  8551 data_layer.cpp:73] Restarting data prefetching from start.
I0301 10:41:03.857821  8551 data_layer.cpp:73] Restarting data prefetching from start.
I0301 10:41:03.910125  8551 data_layer.cpp:73] Restarting data prefetching from start.
I0301 10:41:03.981299  8551 data_layer.cpp:73] Restarting data prefetching from start.
I0301 10:41:04.036047  8551 data_layer.cpp:73] Restarting data prefetching from start.
I0301 10:41:04.088222  8551 data_layer.cpp:73] Restarting data prefetching from start.
I0301 10:41:04.140099  8551 data_layer.cpp:73] Restarting data prefetching from start.
I0301 10:41:04.211745  8551 data_layer.cpp:73] Restarting data prefetching from start.
I0301 10:41:04.265559  8551 data_layer.cpp:73] Restarting data prefetching from start.
I0301 10:41:04.317643  8551 data_layer.cpp:73] Restarting data prefetching from start.
I0301 10:41:04.388914  8551 data_layer.cpp:73] Restarting data prefetching from start.
I0301 10:41:04.443281  8551 data_layer.cpp:73] Restarting data prefetching from start.
I0301 10:41:04.494654  8551 data_layer.cpp:73] Restarting data prefetching from start.
I0301 10:41:04.568562  8551 data_layer.cpp:73] Restarting data prefetching from start.
I0301 10:41:04.620267  8551 data_layer.cpp:73] Restarting data prefetching from start.
I0301 10:41:04.672967  8551 data_layer.cpp:73] Restarting data prefetching from start.
I0301 10:41:04.746306  8551 data_layer.cpp:73] Restarting data prefetching from start.
I0301 10:41:04.798641  8551 data_layer.cpp:73] Restarting data prefetching from start.
I0301 10:41:04.850900  8551 data_layer.cpp:73] Restarting data prefetching from start.
I0301 10:41:04.923954  8551 data_layer.cpp:73] Restarting data prefetching from start.
I0301 10:41:04.976642  8551 data_layer.cpp:73] Restarting data prefetching from start.
I0301 10:41:05.028193  8551 data_layer.cpp:73] Restarting data prefetching from start.
I0301 10:41:05.101687  8551 data_layer.cpp:73] Restarting data prefetching from start.
I0301 10:41:05.154311  8551 data_layer.cpp:73] Restarting data prefetching from start.
I0301 10:41:05.204298  8551 data_layer.cpp:73] Restarting data prefetching from start.
I0301 10:41:05.277390  8551 data_layer.cpp:73] Restarting data prefetching from start.
I0301 10:41:05.331866  8551 data_layer.cpp:73] Restarting data prefetching from start.
I0301 10:41:05.382431  8551 data_layer.cpp:73] Restarting data prefetching from start.
I0301 10:41:05.454617  8551 data_layer.cpp:73] Restarting data prefetching from start.
I0301 10:41:05.507108  8551 data_layer.cpp:73] Restarting data prefetching from start.
I0301 10:41:05.560091  8551 data_layer.cpp:73] Restarting data prefetching from start.
I0301 10:41:05.613548  8551 data_layer.cpp:73] Restarting data prefetching from start.
I0301 10:41:05.684530  8551 data_layer.cpp:73] Restarting data prefetching from start.
I0301 10:41:05.737313  8551 data_layer.cpp:73] Restarting data prefetching from start.
I0301 10:41:05.791386  8551 data_layer.cpp:73] Restarting data prefetching from start.
I0301 10:41:05.849179  8544 solver.cpp:398]     Test net output #0: accuracy = 1
I0301 10:41:05.849200  8544 solver.cpp:398]     Test net output #1: loss = 0 (* 1 = 0 loss)
I0301 10:41:05.883592  8550 data_layer.cpp:73] Restarting data prefetching from start.
I0301 10:41:06.412545  8544 solver.cpp:219] Iteration 100 (1.48344 iter/s, 33.7055s/50 iters), loss = -1.30391e-08
I0301 10:41:06.412569  8544 solver.cpp:238]     Train net output #0: loss = 0 (* 1 = 0 loss)
I0301 10:41:06.412573  8544 sgd_solver.cpp:105] Iteration 100, lr = 0.001
I0301 10:41:06.490617  8550 data_layer.cpp:73] Restarting data prefetching from start.
I0301 10:41:07.099897  8550 data_layer.cpp:73] Restarting data prefetching from start.
I0301 10:41:07.722679  8550 data_layer.cpp:73] Restarting data prefetching from start.
I0301 10:41:08.847954  8550 data_layer.cpp:73] Restarting data prefetching from start.
I0301 10:41:09.466464  8550 data_layer.cpp:73] Restarting data prefetching from start.
I0301 10:41:10.072826  8550 data_layer.cpp:73] Restarting data prefetching from start.
I0301 10:41:11.129164  8550 data_layer.cpp:73] Restarting data prefetching from start.
I0301 10:41:11.739248  8550 data_layer.cpp:73] Restarting data prefetching from start.
I0301 10:41:12.345265  8550 data_layer.cpp:73] Restarting data prefetching from start.
I0301 10:41:12.985165  8550 data_layer.cpp:73] Restarting data prefetching from start.
I0301 10:41:14.046219  8550 data_layer.cpp:73] Restarting data prefetching from start.
I0301 10:41:14.656069  8550 data_layer.cpp:73] Restarting data prefetching from start.
I0301 10:41:15.266942  8550 data_layer.cpp:73] Restarting data prefetching from start.
I0301 10:41:15.879400  8550 data_layer.cpp:73] Restarting data prefetching from start.
I0301 10:41:16.967458  8550 data_layer.cpp:73] Restarting data prefetching from start.
I0301 10:41:17.578603  8550 data_layer.cpp:73] Restarting data prefetching from start.
I0301 10:41:18.204090  8550 data_layer.cpp:73] Restarting data prefetching from start.
I0301 10:41:19.260568  8550 data_layer.cpp:73] Restarting data prefetching from start.
I0301 10:41:19.865146  8550 data_layer.cpp:73] Restarting data prefetching from start.
I0301 10:41:20.470772  8550 data_layer.cpp:73] Restarting data prefetching from start.
I0301 10:41:21.075774  8550 data_layer.cpp:73] Restarting data prefetching from start.
I0301 10:41:22.131268  8550 data_layer.cpp:73] Restarting data prefetching from start.
I0301 10:41:22.738152  8550 data_layer.cpp:73] Restarting data prefetching from start.
I0301 10:41:23.343523  8550 data_layer.cpp:73] Restarting data prefetching from start.
I0301 10:41:23.950866  8550 data_layer.cpp:73] Restarting data prefetching from start.
I0301 10:41:25.059696  8550 data_layer.cpp:73] Restarting data prefetching from start.
I0301 10:41:25.666694  8550 data_layer.cpp:73] Restarting data prefetching from start.
I0301 10:41:26.300056  8550 data_layer.cpp:73] Restarting data prefetching from start.
I0301 10:41:27.412717  8550 data_layer.cpp:73] Restarting data prefetching from start.
I0301 10:41:28.056772  8550 data_layer.cpp:73] Restarting data prefetching from start.
I0301 10:41:28.675009  8550 data_layer.cpp:73] Restarting data prefetching from start.
I0301 10:41:29.280962  8550 data_layer.cpp:73] Restarting data prefetching from start.
I0301 10:41:30.366565  8550 data_layer.cpp:73] Restarting data prefetching from start.
I0301 10:41:30.976351  8550 data_layer.cpp:73] Restarting data prefetching from start.
I0301 10:41:31.586539  8550 data_layer.cpp:73] Restarting data prefetching from start.
I0301 10:41:32.221344  8550 data_layer.cpp:73] Restarting data prefetching from start.
I0301 10:41:33.319593  8550 data_layer.cpp:73] Restarting data prefetching from start.
I0301 10:41:33.963183  8550 data_layer.cpp:73] Restarting data prefetching from start.
I0301 10:41:34.607836  8550 data_layer.cpp:73] Restarting data prefetching from start.
I0301 10:41:35.645218  8544 solver.cpp:219] Iteration 150 (1.71042 iter/s, 29.2325s/50 iters), loss = -1.30391e-08
I0301 10:41:35.645249  8544 solver.cpp:238]     Train net output #0: loss = 0 (* 1 = 0 loss)
I0301 10:41:35.645256  8544 sgd_solver.cpp:105] Iteration 150, lr = 0.001
I0301 10:41:35.682611  8550 data_layer.cpp:73] Restarting data prefetching from start.
I0301 10:41:36.289520  8550 data_layer.cpp:73] Restarting data prefetching from start.
I0301 10:41:36.895843  8550 data_layer.cpp:73] Restarting data prefetching from start.
I0301 10:41:37.502460  8550 data_layer.cpp:73] Restarting data prefetching from start.
I0301 10:41:38.561601  8550 data_layer.cpp:73] Restarting data prefetching from start.
I0301 10:41:39.168715  8550 data_layer.cpp:73] Restarting data prefetching from start.
I0301 10:41:39.775130  8550 data_layer.cpp:73] Restarting data prefetching from start.
I0301 10:41:40.381273  8550 data_layer.cpp:73] Restarting data prefetching from start.
I0301 10:41:41.437889  8550 data_layer.cpp:73] Restarting data prefetching from start.
I0301 10:41:42.043902  8550 data_layer.cpp:73] Restarting data prefetching from start.
I0301 10:41:42.651296  8550 data_layer.cpp:73] Restarting data prefetching from start.
I0301 10:41:43.708860  8550 data_layer.cpp:73] Restarting data prefetching from start.
I0301 10:41:44.315582  8550 data_layer.cpp:73] Restarting data prefetching from start.
I0301 10:41:44.922902  8550 data_layer.cpp:73] Restarting data prefetching from start.
I0301 10:41:45.529343  8550 data_layer.cpp:73] Restarting data prefetching from start.
I0301 10:41:46.588047  8550 data_layer.cpp:73] Restarting data prefetching from start.
I0301 10:41:47.194329  8550 data_layer.cpp:73] Restarting data prefetching from start.
I0301 10:41:47.801744  8550 data_layer.cpp:73] Restarting data prefetching from start.
I0301 10:41:48.860342  8550 data_layer.cpp:73] Restarting data prefetching from start.
I0301 10:41:49.466610  8550 data_layer.cpp:73] Restarting data prefetching from start.
I0301 10:41:50.072665  8550 data_layer.cpp:73] Restarting data prefetching from start.
I0301 10:41:50.679371  8550 data_layer.cpp:73] Restarting data prefetching from start.
I0301 10:41:51.738363  8550 data_layer.cpp:73] Restarting data prefetching from start.
I0301 10:41:52.344697  8550 data_layer.cpp:73] Restarting data prefetching from start.
I0301 10:41:52.951462  8550 data_layer.cpp:73] Restarting data prefetching from start.
I0301 10:41:53.558284  8550 data_layer.cpp:73] Restarting data prefetching from start.
I0301 10:41:54.616616  8550 data_layer.cpp:73] Restarting data prefetching from start.
I0301 10:41:55.223925  8550 data_layer.cpp:73] Restarting data prefetching from start.
I0301 10:41:55.830848  8550 data_layer.cpp:73] Restarting data prefetching from start.
I0301 10:41:56.912050  8550 data_layer.cpp:73] Restarting data prefetching from start.
I0301 10:41:57.552866  8550 data_layer.cpp:73] Restarting data prefetching from start.
I0301 10:41:58.195436  8550 data_layer.cpp:73] Restarting data prefetching from start.
I0301 10:41:58.838151  8550 data_layer.cpp:73] Restarting data prefetching from start.
I0301 10:41:59.927929  8550 data_layer.cpp:73] Restarting data prefetching from start.
I0301 10:42:00.544224  8550 data_layer.cpp:73] Restarting data prefetching from start.
I0301 10:42:01.166163  8550 data_layer.cpp:73] Restarting data prefetching from start.
I0301 10:42:01.774121  8550 data_layer.cpp:73] Restarting data prefetching from start.
I0301 10:42:02.869583  8550 data_layer.cpp:73] Restarting data prefetching from start.
I0301 10:42:03.487776  8550 data_layer.cpp:73] Restarting data prefetching from start.
I0301 10:42:03.932698  8544 solver.cpp:331] Iteration 200, Testing net (#0)
I0301 10:42:04.011572  8551 data_layer.cpp:73] Restarting data prefetching from start.
I0301 10:42:04.064340  8551 data_layer.cpp:73] Restarting data prefetching from start.
I0301 10:42:04.114509  8551 data_layer.cpp:73] Restarting data prefetching from start.
I0301 10:42:04.187384  8551 data_layer.cpp:73] Restarting data prefetching from start.
I0301 10:42:04.242305  8551 data_layer.cpp:73] Restarting data prefetching from start.
I0301 10:42:04.294433  8551 data_layer.cpp:73] Restarting data prefetching from start.
I0301 10:42:04.366884  8551 data_layer.cpp:73] Restarting data prefetching from start.
I0301 10:42:04.418167  8551 data_layer.cpp:73] Restarting data prefetching from start.
I0301 10:42:04.472779  8551 data_layer.cpp:73] Restarting data prefetching from start.
I0301 10:42:04.545243  8551 data_layer.cpp:73] Restarting data prefetching from start.
I0301 10:42:04.597280  8551 data_layer.cpp:73] Restarting data prefetching from start.
I0301 10:42:04.651623  8551 data_layer.cpp:73] Restarting data prefetching from start.
I0301 10:42:04.724257  8551 data_layer.cpp:73] Restarting data prefetching from start.
I0301 10:42:04.777194  8551 data_layer.cpp:73] Restarting data prefetching from start.
I0301 10:42:04.827414  8551 data_layer.cpp:73] Restarting data prefetching from start.
I0301 10:42:04.902729  8551 data_layer.cpp:73] Restarting data prefetching from start.
I0301 10:42:04.955271  8551 data_layer.cpp:73] Restarting data prefetching from start.
I0301 10:42:05.006103  8551 data_layer.cpp:73] Restarting data prefetching from start.
I0301 10:42:05.078737  8551 data_layer.cpp:73] Restarting data prefetching from start.
I0301 10:42:05.133656  8551 data_layer.cpp:73] Restarting data prefetching from start.
I0301 10:42:05.183563  8551 data_layer.cpp:73] Restarting data prefetching from start.
I0301 10:42:05.235561  8551 data_layer.cpp:73] Restarting data prefetching from start.
I0301 10:42:05.308773  8551 data_layer.cpp:73] Restarting data prefetching from start.
I0301 10:42:05.363584  8551 data_layer.cpp:73] Restarting data prefetching from start.
I0301 10:42:05.413543  8551 data_layer.cpp:73] Restarting data prefetching from start.
I0301 10:42:05.486601  8551 data_layer.cpp:73] Restarting data prefetching from start.
I0301 10:42:05.539520  8551 data_layer.cpp:73] Restarting data prefetching from start.
I0301 10:42:05.593463  8551 data_layer.cpp:73] Restarting data prefetching from start.
I0301 10:42:05.670258  8551 data_layer.cpp:73] Restarting data prefetching from start.
I0301 10:42:05.725584  8551 data_layer.cpp:73] Restarting data prefetching from start.
I0301 10:42:05.779641  8551 data_layer.cpp:73] Restarting data prefetching from start.
I0301 10:42:05.858152  8551 data_layer.cpp:73] Restarting data prefetching from start.
I0301 10:42:05.910748  8551 data_layer.cpp:73] Restarting data prefetching from start.
I0301 10:42:05.961944  8551 data_layer.cpp:73] Restarting data prefetching from start.
I0301 10:42:06.034425  8551 data_layer.cpp:73] Restarting data prefetching from start.
I0301 10:42:06.088636  8551 data_layer.cpp:73] Restarting data prefetching from start.
I0301 10:42:06.140571  8551 data_layer.cpp:73] Restarting data prefetching from start.
I0301 10:42:06.217428  8551 data_layer.cpp:73] Restarting data prefetching from start.
I0301 10:42:06.271337  8551 data_layer.cpp:73] Restarting data prefetching from start.
I0301 10:42:06.327109  8551 data_layer.cpp:73] Restarting data prefetching from start.
I0301 10:42:06.401789  8551 data_layer.cpp:73] Restarting data prefetching from start.
I0301 10:42:06.457634  8551 data_layer.cpp:73] Restarting data prefetching from start.
I0301 10:42:06.509526  8551 data_layer.cpp:73] Restarting data prefetching from start.
I0301 10:42:06.582917  8551 data_layer.cpp:73] Restarting data prefetching from start.
I0301 10:42:06.635387  8551 data_layer.cpp:73] Restarting data prefetching from start.
I0301 10:42:06.687536  8551 data_layer.cpp:73] Restarting data prefetching from start.
I0301 10:42:06.739882  8551 data_layer.cpp:73] Restarting data prefetching from start.
I0301 10:42:06.812702  8551 data_layer.cpp:73] Restarting data prefetching from start.
I0301 10:42:06.866680  8551 data_layer.cpp:73] Restarting data prefetching from start.
I0301 10:42:06.919644  8551 data_layer.cpp:73] Restarting data prefetching from start.
I0301 10:42:06.999220  8551 data_layer.cpp:73] Restarting data prefetching from start.
I0301 10:42:07.051647  8551 data_layer.cpp:73] Restarting data prefetching from start.
I0301 10:42:07.105212  8551 data_layer.cpp:73] Restarting data prefetching from start.
I0301 10:42:07.180367  8551 data_layer.cpp:73] Restarting data prefetching from start.
I0301 10:42:07.235033  8551 data_layer.cpp:73] Restarting data prefetching from start.
I0301 10:42:07.286147  8551 data_layer.cpp:73] Restarting data prefetching from start.
I0301 10:42:07.365535  8551 data_layer.cpp:73] Restarting data prefetching from start.
I0301 10:42:07.418174  8551 data_layer.cpp:73] Restarting data prefetching from start.
I0301 10:42:07.473474  8551 data_layer.cpp:73] Restarting data prefetching from start.
I0301 10:42:07.549495  8551 data_layer.cpp:73] Restarting data prefetching from start.
I0301 10:42:07.603955  8551 data_layer.cpp:73] Restarting data prefetching from start.
I0301 10:42:07.655982  8551 data_layer.cpp:73] Restarting data prefetching from start.
I0301 10:42:07.729507  8551 data_layer.cpp:73] Restarting data prefetching from start.
I0301 10:42:07.782186  8551 data_layer.cpp:73] Restarting data prefetching from start.
I0301 10:42:07.834306  8551 data_layer.cpp:73] Restarting data prefetching from start.
I0301 10:42:07.905570  8551 data_layer.cpp:73] Restarting data prefetching from start.
I0301 10:42:07.960325  8551 data_layer.cpp:73] Restarting data prefetching from start.
I0301 10:42:08.011801  8551 data_layer.cpp:73] Restarting data prefetching from start.
I0301 10:42:08.091703  8551 data_layer.cpp:73] Restarting data prefetching from start.
I0301 10:42:08.142691  8551 data_layer.cpp:73] Restarting data prefetching from start.
I0301 10:42:08.198488  8551 data_layer.cpp:73] Restarting data prefetching from start.
I0301 10:42:08.255069  8551 data_layer.cpp:73] Restarting data prefetching from start.
I0301 10:42:08.332180  8551 data_layer.cpp:73] Restarting data prefetching from start.
I0301 10:42:08.384560  8551 data_layer.cpp:73] Restarting data prefetching from start.
I0301 10:42:08.439096  8551 data_layer.cpp:73] Restarting data prefetching from start.
I0301 10:42:08.511075  8551 data_layer.cpp:73] Restarting data prefetching from start.
I0301 10:42:08.542102  8544 solver.cpp:398]     Test net output #0: accuracy = 1
I0301 10:42:08.542124  8544 solver.cpp:398]     Test net output #1: loss = 0 (* 1 = 0 loss)
I0301 10:42:08.648696  8550 data_layer.cpp:73] Restarting data prefetching from start.
I0301 10:42:09.114811  8544 solver.cpp:219] Iteration 200 (1.4939 iter/s, 33.4694s/50 iters), loss = -1.30391e-08
I0301 10:42:09.114845  8544 solver.cpp:238]     Train net output #0: loss = 0 (* 1 = 0 loss)
I0301 10:42:09.114852  8544 sgd_solver.cpp:105] Iteration 200, lr = 0.001
I0301 10:42:09.756995  8550 data_layer.cpp:73] Restarting data prefetching from start.
I0301 10:42:10.398957  8550 data_layer.cpp:73] Restarting data prefetching from start.
I0301 10:42:11.022274  8550 data_layer.cpp:73] Restarting data prefetching from start.
I0301 10:42:11.636675  8550 data_layer.cpp:73] Restarting data prefetching from start.
I0301 10:42:12.695986  8550 data_layer.cpp:73] Restarting data prefetching from start.
I0301 10:42:13.304345  8550 data_layer.cpp:73] Restarting data prefetching from start.
I0301 10:42:13.945688  8550 data_layer.cpp:73] Restarting data prefetching from start.
I0301 10:42:14.586791  8550 data_layer.cpp:73] Restarting data prefetching from start.
I0301 10:42:15.695497  8550 data_layer.cpp:73] Restarting data prefetching from start.
I0301 10:42:16.310648  8550 data_layer.cpp:73] Restarting data prefetching from start.
I0301 10:42:16.945600  8550 data_layer.cpp:73] Restarting data prefetching from start.
I0301 10:42:18.005622  8550 data_layer.cpp:73] Restarting data prefetching from start.
I0301 10:42:18.619911  8550 data_layer.cpp:73] Restarting data prefetching from start.
I0301 10:42:19.228199  8550 data_layer.cpp:73] Restarting data prefetching from start.
I0301 10:42:19.833032  8550 data_layer.cpp:73] Restarting data prefetching from start.
I0301 10:42:20.955353  8550 data_layer.cpp:73] Restarting data prefetching from start.
I0301 10:42:21.597851  8550 data_layer.cpp:73] Restarting data prefetching from start.
I0301 10:42:22.241624  8550 data_layer.cpp:73] Restarting data prefetching from start.
I0301 10:42:22.856863  8550 data_layer.cpp:73] Restarting data prefetching from start.
I0301 10:42:23.991544  8550 data_layer.cpp:73] Restarting data prefetching from start.
I0301 10:42:24.613745  8550 data_layer.cpp:73] Restarting data prefetching from start.
I0301 10:42:25.219561  8550 data_layer.cpp:73] Restarting data prefetching from start.
I0301 10:42:26.277675  8550 data_layer.cpp:73] Restarting data prefetching from start.
I0301 10:42:26.882563  8550 data_layer.cpp:73] Restarting data prefetching from start.
I0301 10:42:27.487798  8550 data_layer.cpp:73] Restarting data prefetching from start.
I0301 10:42:28.092682  8550 data_layer.cpp:73] Restarting data prefetching from start.
I0301 10:42:29.181104  8550 data_layer.cpp:73] Restarting data prefetching from start.
I0301 10:42:29.793565  8550 data_layer.cpp:73] Restarting data prefetching from start.
I0301 10:42:30.399314  8550 data_layer.cpp:73] Restarting data prefetching from start.
I0301 10:42:31.004396  8550 data_layer.cpp:73] Restarting data prefetching from start.
I0301 10:42:32.130887  8550 data_layer.cpp:73] Restarting data prefetching from start.
I0301 10:42:32.746124  8550 data_layer.cpp:73] Restarting data prefetching from start.
I0301 10:42:33.387019  8550 data_layer.cpp:73] Restarting data prefetching from start.
I0301 10:42:34.479526  8550 data_layer.cpp:73] Restarting data prefetching from start.
I0301 10:42:35.106205  8550 data_layer.cpp:73] Restarting data prefetching from start.
I0301 10:42:35.742769  8550 data_layer.cpp:73] Restarting data prefetching from start.
I0301 10:42:36.385596  8550 data_layer.cpp:73] Restarting data prefetching from start.
I0301 10:42:37.510104  8550 data_layer.cpp:73] Restarting data prefetching from start.
I0301 10:42:38.124124  8550 data_layer.cpp:73] Restarting data prefetching from start.
I0301 10:42:38.619768  8544 solver.cpp:219] Iteration 250 (1.69464 iter/s, 29.5048s/50 iters), loss = -1.30391e-08
I0301 10:42:38.619796  8544 solver.cpp:238]     Train net output #0: loss = 0 (* 1 = 0 loss)
I0301 10:42:38.619802  8544 sgd_solver.cpp:105] Iteration 250, lr = 0.001
I0301 10:42:38.730173  8550 data_layer.cpp:73] Restarting data prefetching from start.
I0301 10:42:39.335640  8550 data_layer.cpp:73] Restarting data prefetching from start.
I0301 10:42:40.393389  8550 data_layer.cpp:73] Restarting data prefetching from start.
I0301 10:42:40.999776  8550 data_layer.cpp:73] Restarting data prefetching from start.
I0301 10:42:41.605180  8550 data_layer.cpp:73] Restarting data prefetching from start.
I0301 10:42:42.689528  8550 data_layer.cpp:73] Restarting data prefetching from start.
I0301 10:42:43.294869  8550 data_layer.cpp:73] Restarting data prefetching from start.
I0301 10:42:43.899981  8550 data_layer.cpp:73] Restarting data prefetching from start.
I0301 10:42:44.505080  8550 data_layer.cpp:73] Restarting data prefetching from start.
I0301 10:42:45.590348  8550 data_layer.cpp:73] Restarting data prefetching from start.
I0301 10:42:46.200006  8550 data_layer.cpp:73] Restarting data prefetching from start.
I0301 10:42:46.815246  8550 data_layer.cpp:73] Restarting data prefetching from start.
I0301 10:42:47.440665  8550 data_layer.cpp:73] Restarting data prefetching from start.
I0301 10:42:48.502140  8550 data_layer.cpp:73] Restarting data prefetching from start.
I0301 10:42:49.106299  8550 data_layer.cpp:73] Restarting data prefetching from start.
I0301 10:42:49.717497  8550 data_layer.cpp:73] Restarting data prefetching from start.
I0301 10:42:50.790052  8550 data_layer.cpp:73] Restarting data prefetching from start.
I0301 10:42:51.394559  8550 data_layer.cpp:73] Restarting data prefetching from start.
I0301 10:42:51.998874  8550 data_layer.cpp:73] Restarting data prefetching from start.
I0301 10:42:52.603310  8550 data_layer.cpp:73] Restarting data prefetching from start.
I0301 10:42:53.660223  8550 data_layer.cpp:73] Restarting data prefetching from start.
I0301 10:42:54.264775  8550 data_layer.cpp:73] Restarting data prefetching from start.
I0301 10:42:54.868073  8550 data_layer.cpp:73] Restarting data prefetching from start.
I0301 10:42:55.472760  8550 data_layer.cpp:73] Restarting data prefetching from start.
I0301 10:42:56.532136  8550 data_layer.cpp:73] Restarting data prefetching from start.
I0301 10:42:57.136101  8550 data_layer.cpp:73] Restarting data prefetching from start.
I0301 10:42:57.739526  8550 data_layer.cpp:73] Restarting data prefetching from start.
I0301 10:42:58.798946  8550 data_layer.cpp:73] Restarting data prefetching from start.
I0301 10:42:59.402947  8550 data_layer.cpp:73] Restarting data prefetching from start.
I0301 10:43:00.006541  8550 data_layer.cpp:73] Restarting data prefetching from start.
I0301 10:43:00.612159  8550 data_layer.cpp:73] Restarting data prefetching from start.
I0301 10:43:01.670092  8550 data_layer.cpp:73] Restarting data prefetching from start.
I0301 10:43:02.273705  8550 data_layer.cpp:73] Restarting data prefetching from start.
I0301 10:43:02.878449  8550 data_layer.cpp:73] Restarting data prefetching from start.
I0301 10:43:03.483217  8550 data_layer.cpp:73] Restarting data prefetching from start.
I0301 10:43:04.539798  8550 data_layer.cpp:73] Restarting data prefetching from start.
I0301 10:43:05.143837  8550 data_layer.cpp:73] Restarting data prefetching from start.
I0301 10:43:05.748854  8550 data_layer.cpp:73] Restarting data prefetching from start.
I0301 10:43:06.719326  8544 solver.cpp:331] Iteration 300, Testing net (#0)
I0301 10:43:06.801445  8551 data_layer.cpp:73] Restarting data prefetching from start.
I0301 10:43:06.853255  8551 data_layer.cpp:73] Restarting data prefetching from start.
I0301 10:43:06.925029  8551 data_layer.cpp:73] Restarting data prefetching from start.
I0301 10:43:06.976596  8551 data_layer.cpp:73] Restarting data prefetching from start.
I0301 10:43:07.028100  8551 data_layer.cpp:73] Restarting data prefetching from start.
I0301 10:43:07.099673  8551 data_layer.cpp:73] Restarting data prefetching from start.
I0301 10:43:07.151353  8551 data_layer.cpp:73] Restarting data prefetching from start.
I0301 10:43:07.203073  8551 data_layer.cpp:73] Restarting data prefetching from start.
I0301 10:43:07.274668  8551 data_layer.cpp:73] Restarting data prefetching from start.
I0301 10:43:07.326360  8551 data_layer.cpp:73] Restarting data prefetching from start.
I0301 10:43:07.378087  8551 data_layer.cpp:73] Restarting data prefetching from start.
I0301 10:43:07.449781  8551 data_layer.cpp:73] Restarting data prefetching from start.
I0301 10:43:07.501512  8551 data_layer.cpp:73] Restarting data prefetching from start.
I0301 10:43:07.553122  8551 data_layer.cpp:73] Restarting data prefetching from start.
I0301 10:43:07.624830  8551 data_layer.cpp:73] Restarting data prefetching from start.
I0301 10:43:07.676638  8551 data_layer.cpp:73] Restarting data prefetching from start.
I0301 10:43:07.728382  8551 data_layer.cpp:73] Restarting data prefetching from start.
I0301 10:43:07.799994  8551 data_layer.cpp:73] Restarting data prefetching from start.
I0301 10:43:07.851769  8551 data_layer.cpp:73] Restarting data prefetching from start.
I0301 10:43:07.903378  8551 data_layer.cpp:73] Restarting data prefetching from start.
I0301 10:43:07.955185  8551 data_layer.cpp:73] Restarting data prefetching from start.
I0301 10:43:08.027070  8551 data_layer.cpp:73] Restarting data prefetching from start.
I0301 10:43:08.078745  8551 data_layer.cpp:73] Restarting data prefetching from start.
I0301 10:43:08.130426  8551 data_layer.cpp:73] Restarting data prefetching from start.
I0301 10:43:08.202049  8551 data_layer.cpp:73] Restarting data prefetching from start.
I0301 10:43:08.253603  8551 data_layer.cpp:73] Restarting data prefetching from start.
I0301 10:43:08.305189  8551 data_layer.cpp:73] Restarting data prefetching from start.
I0301 10:43:08.377004  8551 data_layer.cpp:73] Restarting data prefetching from start.
I0301 10:43:08.428601  8551 data_layer.cpp:73] Restarting data prefetching from start.
I0301 10:43:08.480226  8551 data_layer.cpp:73] Restarting data prefetching from start.
I0301 10:43:08.551908  8551 data_layer.cpp:73] Restarting data prefetching from start.
I0301 10:43:08.603576  8551 data_layer.cpp:73] Restarting data prefetching from start.
I0301 10:43:08.655349  8551 data_layer.cpp:73] Restarting data prefetching from start.
I0301 10:43:08.727242  8551 data_layer.cpp:73] Restarting data prefetching from start.
I0301 10:43:08.778969  8551 data_layer.cpp:73] Restarting data prefetching from start.
I0301 10:43:08.830581  8551 data_layer.cpp:73] Restarting data prefetching from start.
I0301 10:43:08.902205  8551 data_layer.cpp:73] Restarting data prefetching from start.
I0301 10:43:08.953958  8551 data_layer.cpp:73] Restarting data prefetching from start.
I0301 10:43:09.005520  8551 data_layer.cpp:73] Restarting data prefetching from start.
I0301 10:43:09.077103  8551 data_layer.cpp:73] Restarting data prefetching from start.
I0301 10:43:09.128954  8551 data_layer.cpp:73] Restarting data prefetching from start.
I0301 10:43:09.180752  8551 data_layer.cpp:73] Restarting data prefetching from start.
I0301 10:43:09.252533  8551 data_layer.cpp:73] Restarting data prefetching from start.
I0301 10:43:09.304343  8551 data_layer.cpp:73] Restarting data prefetching from start.
I0301 10:43:09.356125  8551 data_layer.cpp:73] Restarting data prefetching from start.
I0301 10:43:09.407685  8551 data_layer.cpp:73] Restarting data prefetching from start.
I0301 10:43:09.479363  8551 data_layer.cpp:73] Restarting data prefetching from start.
I0301 10:43:09.531028  8551 data_layer.cpp:73] Restarting data prefetching from start.
I0301 10:43:09.582648  8551 data_layer.cpp:73] Restarting data prefetching from start.
I0301 10:43:09.654458  8551 data_layer.cpp:73] Restarting data prefetching from start.
I0301 10:43:09.706208  8551 data_layer.cpp:73] Restarting data prefetching from start.
I0301 10:43:09.757969  8551 data_layer.cpp:73] Restarting data prefetching from start.
I0301 10:43:09.829733  8551 data_layer.cpp:73] Restarting data prefetching from start.
I0301 10:43:09.881393  8551 data_layer.cpp:73] Restarting data prefetching from start.
I0301 10:43:09.933027  8551 data_layer.cpp:73] Restarting data prefetching from start.
I0301 10:43:10.004779  8551 data_layer.cpp:73] Restarting data prefetching from start.
I0301 10:43:10.056455  8551 data_layer.cpp:73] Restarting data prefetching from start.
I0301 10:43:10.108219  8551 data_layer.cpp:73] Restarting data prefetching from start.
I0301 10:43:10.179836  8551 data_layer.cpp:73] Restarting data prefetching from start.
I0301 10:43:10.231592  8551 data_layer.cpp:73] Restarting data prefetching from start.
I0301 10:43:10.283172  8551 data_layer.cpp:73] Restarting data prefetching from start.
I0301 10:43:10.354867  8551 data_layer.cpp:73] Restarting data prefetching from start.
I0301 10:43:10.406584  8551 data_layer.cpp:73] Restarting data prefetching from start.
I0301 10:43:10.458254  8551 data_layer.cpp:73] Restarting data prefetching from start.
I0301 10:43:10.529902  8551 data_layer.cpp:73] Restarting data prefetching from start.
I0301 10:43:10.581698  8551 data_layer.cpp:73] Restarting data prefetching from start.
I0301 10:43:10.633287  8551 data_layer.cpp:73] Restarting data prefetching from start.
I0301 10:43:10.705091  8551 data_layer.cpp:73] Restarting data prefetching from start.
I0301 10:43:10.757050  8551 data_layer.cpp:73] Restarting data prefetching from start.
I0301 10:43:10.808663  8551 data_layer.cpp:73] Restarting data prefetching from start.
I0301 10:43:10.860317  8551 data_layer.cpp:73] Restarting data prefetching from start.
I0301 10:43:10.932018  8551 data_layer.cpp:73] Restarting data prefetching from start.
I0301 10:43:10.983652  8551 data_layer.cpp:73] Restarting data prefetching from start.
I0301 10:43:11.035322  8551 data_layer.cpp:73] Restarting data prefetching from start.
I0301 10:43:11.106990  8551 data_layer.cpp:73] Restarting data prefetching from start.
I0301 10:43:11.158634  8551 data_layer.cpp:73] Restarting data prefetching from start.
I0301 10:43:11.182168  8544 solver.cpp:398]     Test net output #0: accuracy = 1
I0301 10:43:11.182186  8544 solver.cpp:398]     Test net output #1: loss = 0 (* 1 = 0 loss)
I0301 10:43:11.209942  8550 data_layer.cpp:73] Restarting data prefetching from start.
I0301 10:43:11.744740  8544 solver.cpp:219] Iteration 300 (1.50944 iter/s, 33.1248s/50 iters), loss = -1.30391e-08
I0301 10:43:11.744766  8544 solver.cpp:238]     Train net output #0: loss = 0 (* 1 = 0 loss)
I0301 10:43:11.744771  8544 sgd_solver.cpp:105] Iteration 300, lr = 0.001
I0301 10:43:11.814652  8550 data_layer.cpp:73] Restarting data prefetching from start.
I0301 10:43:12.418140  8550 data_layer.cpp:73] Restarting data prefetching from start.
I0301 10:43:13.027482  8550 data_layer.cpp:73] Restarting data prefetching from start.
I0301 10:43:14.088614  8550 data_layer.cpp:73] Restarting data prefetching from start.
I0301 10:43:14.695894  8550 data_layer.cpp:73] Restarting data prefetching from start.
